{"numFailedTestSuites":4,"numFailedTests":39,"numPassedTestSuites":8,"numPassedTests":78,"numPendingTestSuites":0,"numPendingTests":0,"numRuntimeErrorTestSuites":0,"numTodoTests":0,"numTotalTestSuites":12,"numTotalTests":117,"openHandles":[],"snapshot":{"added":0,"didUpdate":false,"failure":false,"filesAdded":0,"filesRemoved":0,"filesRemovedList":[],"filesUnmatched":0,"filesUpdated":0,"matched":0,"total":0,"unchecked":0,"uncheckedKeysByFile":[],"unmatched":0,"updated":0},"startTime":1777844431303,"success":false,"testResults":[{"assertionResults":[{"ancestorTitles":["ArchitectDashboard"],"duration":56,"failureDetails":[],"failureMessages":[],"fullName":"ArchitectDashboard should render dashboard with user name","invocations":1,"location":null,"numPassingAsserts":1,"retryReasons":[],"status":"passed","title":"should render dashboard with user name"},{"ancestorTitles":["ArchitectDashboard"],"duration":20,"failureDetails":[],"failureMessages":[],"fullName":"ArchitectDashboard should display user stats","invocations":1,"location":null,"numPassingAsserts":2,"retryReasons":[],"status":"passed","title":"should display user stats"},{"ancestorTitles":["ArchitectDashboard"],"duration":22,"failureDetails":[],"failureMessages":[],"fullName":"ArchitectDashboard should render profile editor","invocations":1,"location":null,"numPassingAsserts":1,"retryReasons":[],"status":"passed","title":"should render profile editor"},{"ancestorTitles":["ArchitectDashboard"],"duration":16,"failureDetails":[],"failureMessages":[],"fullName":"ArchitectDashboard should render search filter","invocations":1,"location":null,"numPassingAsserts":1,"retryReasons":[],"status":"passed","title":"should render search filter"},{"ancestorTitles":["ArchitectDashboard"],"duration":17,"failureDetails":[],"failureMessages":[],"fullName":"ArchitectDashboard should display empty state when no jobs available","invocations":1,"location":null,"numPassingAsserts":1,"retryReasons":[],"status":"passed","title":"should display empty state when no jobs available"},{"ancestorTitles":["ArchitectDashboard"],"duration":18,"failureDetails":[],"failureMessages":[],"fullName":"ArchitectDashboard should handle tab navigation","invocations":1,"location":null,"numPassingAsserts":1,"retryReasons":[],"status":"passed","title":"should handle tab navigation"}],"endTime":1777844434673,"message":"","name":"E:\\arc-1\\arc-1\\src\\components\\__tests__\\ArchitectDashboard.test.tsx","startTime":1777844432553,"status":"passed","summary":""},{"assertionResults":[{"ancestorTitles":["ClientDashboard"],"duration":11,"failureDetails":[],"failureMessages":[],"fullName":"ClientDashboard should render dashboard with user name","invocations":1,"location":null,"numPassingAsserts":1,"retryReasons":[],"status":"passed","title":"should render dashboard with user name"},{"ancestorTitles":["ClientDashboard"],"duration":8,"failureDetails":[],"failureMessages":[],"fullName":"ClientDashboard should display empty state when no jobs","invocations":1,"location":null,"numPassingAsserts":1,"retryReasons":[],"status":"passed","title":"should display empty state when no jobs"},{"ancestorTitles":["ClientDashboard"],"duration":7,"failureDetails":[],"failureMessages":[],"fullName":"ClientDashboard should render profile editor","invocations":1,"location":null,"numPassingAsserts":1,"retryReasons":[],"status":"passed","title":"should render profile editor"},{"ancestorTitles":["ClientDashboard"],"duration":5,"failureDetails":[],"failureMessages":[],"fullName":"ClientDashboard should handle tab changes","invocations":1,"location":null,"numPassingAsserts":1,"retryReasons":[],"status":"passed","title":"should handle tab changes"}],"endTime":1777844435227,"message":"","name":"E:\\arc-1\\arc-1\\src\\components\\__tests__\\ClientDashboard.test.tsx","startTime":1777844434689,"status":"passed","summary":""},{"assertionResults":[{"ancestorTitles":["CouncilSubmissionService","getMunicipalityConfig"],"duration":2,"failureDetails":[],"failureMessages":[],"fullName":"CouncilSubmissionService getMunicipalityConfig should return config for valid municipality","invocations":1,"location":null,"numPassingAsserts":5,"retryReasons":[],"status":"passed","title":"should return config for valid municipality"},{"ancestorTitles":["CouncilSubmissionService","getMunicipalityConfig"],"duration":1,"failureDetails":[],"failureMessages":[],"fullName":"CouncilSubmissionService getMunicipalityConfig should return all municipalities","invocations":1,"location":null,"numPassingAsserts":4,"retryReasons":[],"status":"passed","title":"should return all municipalities"},{"ancestorTitles":["CouncilSubmissionService","getMunicipalityConfig"],"duration":0,"failureDetails":[{}],"failureMessages":["TypeError: councilSubmissionService_1.councilSubmissionService.getRequirementsForMunicipality is not a function\n    at Object.<anonymous> (E:\\arc-1\\arc-1\\src\\services\\__tests__\\councilSubmissionService.test.ts:156:53)\n    at Promise.then.completed (E:\\arc-1\\arc-1\\node_modules\\jest-circus\\build\\utils.js:298:28)\n    at new Promise (<anonymous>)\n    at callAsyncCircusFn (E:\\arc-1\\arc-1\\node_modules\\jest-circus\\build\\utils.js:231:10)\n    at _callCircusTest (E:\\arc-1\\arc-1\\node_modules\\jest-circus\\build\\run.js:316:40)\n    at _runTest (E:\\arc-1\\arc-1\\node_modules\\jest-circus\\build\\run.js:252:3)\n    at _runTestsForDescribeBlock (E:\\arc-1\\arc-1\\node_modules\\jest-circus\\build\\run.js:126:9)\n    at _runTestsForDescribeBlock (E:\\arc-1\\arc-1\\node_modules\\jest-circus\\build\\run.js:121:9)\n    at _runTestsForDescribeBlock (E:\\arc-1\\arc-1\\node_modules\\jest-circus\\build\\run.js:121:9)\n    at run (E:\\arc-1\\arc-1\\node_modules\\jest-circus\\build\\run.js:71:3)\n    at runAndTransformResultsToJestFormat (E:\\arc-1\\arc-1\\node_modules\\jest-circus\\build\\legacy-code-todo-rewrite\\jestAdapterInit.js:122:21)\n    at jestAdapter (E:\\arc-1\\arc-1\\node_modules\\jest-circus\\build\\legacy-code-todo-rewrite\\jestAdapter.js:79:19)\n    at runTestInternal (e:\\arc-1\\arc-1\\node_modules\\jest-runner\\build\\runTest.js:367:16)\n    at runTest (e:\\arc-1\\arc-1\\node_modules\\jest-runner\\build\\runTest.js:444:34)"],"fullName":"CouncilSubmissionService getMunicipalityConfig should return requirements for municipality","invocations":1,"location":null,"numPassingAsserts":0,"retryReasons":[],"status":"failed","title":"should return requirements for municipality"},{"ancestorTitles":["CouncilSubmissionService","createSubmission"],"duration":1,"failureDetails":[{}],"failureMessages":["TypeError: councilSubmissionService_1.councilSubmissionService.createSubmission is not a function\n    at Object.<anonymous> (E:\\arc-1\\arc-1\\src\\services\\__tests__\\councilSubmissionService.test.ts:168:38)"],"fullName":"CouncilSubmissionService createSubmission should create submission with correct data","invocations":1,"location":null,"numPassingAsserts":0,"retryReasons":[],"status":"failed","title":"should create submission with correct data"},{"ancestorTitles":["CouncilSubmissionService","createSubmission"],"duration":0,"failureDetails":[{}],"failureMessages":["TypeError: councilSubmissionService_1.councilSubmissionService.createSubmission is not a function\n    at Object.<anonymous> (E:\\arc-1\\arc-1\\src\\services\\__tests__\\councilSubmissionService.test.ts:186:38)"],"fullName":"CouncilSubmissionService createSubmission should include requirements checklist","invocations":1,"location":null,"numPassingAsserts":0,"retryReasons":[],"status":"failed","title":"should include requirements checklist"},{"ancestorTitles":["CouncilSubmissionService","updateSubmission"],"duration":0,"failureDetails":[{}],"failureMessages":["TypeError: councilSubmissionService_1.councilSubmissionService.updateSubmission is not a function\n    at Object.<anonymous> (E:\\arc-1\\arc-1\\src\\services\\__tests__\\councilSubmissionService.test.ts:203:38)"],"fullName":"CouncilSubmissionService updateSubmission should update submission","invocations":1,"location":null,"numPassingAsserts":0,"retryReasons":[],"status":"failed","title":"should update submission"},{"ancestorTitles":["CouncilSubmissionService","addDrawingToSubmission"],"duration":1,"failureDetails":[{}],"failureMessages":["TypeError: councilSubmissionService_1.councilSubmissionService.addDrawingToSubmission is not a function\n    at Object.<anonymous> (E:\\arc-1\\arc-1\\src\\services\\__tests__\\councilSubmissionService.test.ts:216:38)"],"fullName":"CouncilSubmissionService addDrawingToSubmission should add drawing to submission","invocations":1,"location":null,"numPassingAsserts":0,"retryReasons":[],"status":"failed","title":"should add drawing to submission"},{"ancestorTitles":["CouncilSubmissionService","removeDrawingFromSubmission"],"duration":1,"failureDetails":[{}],"failureMessages":["TypeError: councilSubmissionService_1.councilSubmissionService.removeDrawingFromSubmission is not a function\n    at Object.<anonymous> (E:\\arc-1\\arc-1\\src\\services\\__tests__\\councilSubmissionService.test.ts:226:38)"],"fullName":"CouncilSubmissionService removeDrawingFromSubmission should remove drawing from submission","invocations":1,"location":null,"numPassingAsserts":0,"retryReasons":[],"status":"failed","title":"should remove drawing from submission"},{"ancestorTitles":["CouncilSubmissionService","submitToCouncil"],"duration":1,"failureDetails":[{}],"failureMessages":["TypeError: Cannot read properties of undefined (reading 'name')\n    at CouncilSubmissionService.submitToCouncil (E:\\arc-1\\arc-1\\src\\services\\councilSubmissionService.ts:173:32)\n    at Object.<anonymous> (E:\\arc-1\\arc-1\\src\\services\\__tests__\\councilSubmissionService.test.ts:237:38)"],"fullName":"CouncilSubmissionService submitToCouncil should mark submission as submitted","invocations":1,"location":null,"numPassingAsserts":0,"retryReasons":[],"status":"failed","title":"should mark submission as submitted"},{"ancestorTitles":["CouncilSubmissionService","submitToCouncil"],"duration":1,"failureDetails":[{}],"failureMessages":["TypeError: Cannot read properties of undefined (reading 'name')\n    at CouncilSubmissionService.submitToCouncil (E:\\arc-1\\arc-1\\src\\services\\councilSubmissionService.ts:173:32)\n    at Object.<anonymous> (E:\\arc-1\\arc-1\\src\\services\\__tests__\\councilSubmissionService.test.ts:248:38)"],"fullName":"CouncilSubmissionService submitToCouncil should include submission method","invocations":1,"location":null,"numPassingAsserts":0,"retryReasons":[],"status":"failed","title":"should include submission method"},{"ancestorTitles":["CouncilSubmissionService","subscribeToSubmissions"],"duration":1,"failureDetails":[{}],"failureMessages":["TypeError: councilSubmissionService_1.councilSubmissionService.subscribeToSubmissions is not a function\n    at Object.<anonymous> (E:\\arc-1\\arc-1\\src\\services\\__tests__\\councilSubmissionService.test.ts:258:52)\n    at Promise.then.completed (E:\\arc-1\\arc-1\\node_modules\\jest-circus\\build\\utils.js:298:28)\n    at new Promise (<anonymous>)\n    at callAsyncCircusFn (E:\\arc-1\\arc-1\\node_modules\\jest-circus\\build\\utils.js:231:10)\n    at _callCircusTest (E:\\arc-1\\arc-1\\node_modules\\jest-circus\\build\\run.js:316:40)\n    at _runTest (E:\\arc-1\\arc-1\\node_modules\\jest-circus\\build\\run.js:252:3)\n    at _runTestsForDescribeBlock (E:\\arc-1\\arc-1\\node_modules\\jest-circus\\build\\run.js:126:9)\n    at _runTestsForDescribeBlock (E:\\arc-1\\arc-1\\node_modules\\jest-circus\\build\\run.js:121:9)\n    at _runTestsForDescribeBlock (E:\\arc-1\\arc-1\\node_modules\\jest-circus\\build\\run.js:121:9)\n    at run (E:\\arc-1\\arc-1\\node_modules\\jest-circus\\build\\run.js:71:3)\n    at runAndTransformResultsToJestFormat (E:\\arc-1\\arc-1\\node_modules\\jest-circus\\build\\legacy-code-todo-rewrite\\jestAdapterInit.js:122:21)\n    at jestAdapter (E:\\arc-1\\arc-1\\node_modules\\jest-circus\\build\\legacy-code-todo-rewrite\\jestAdapter.js:79:19)\n    at runTestInternal (e:\\arc-1\\arc-1\\node_modules\\jest-runner\\build\\runTest.js:367:16)\n    at runTest (e:\\arc-1\\arc-1\\node_modules\\jest-runner\\build\\runTest.js:444:34)"],"fullName":"CouncilSubmissionService subscribeToSubmissions should subscribe and return unsubscribe function","invocations":1,"location":null,"numPassingAsserts":0,"retryReasons":[],"status":"failed","title":"should subscribe and return unsubscribe function"},{"ancestorTitles":["CouncilSubmissionService","subscribeToSubmissions"],"duration":0,"failureDetails":[{}],"failureMessages":["TypeError: councilSubmissionService_1.councilSubmissionService.subscribeToSubmissions is not a function\n    at Object.<anonymous> (E:\\arc-1\\arc-1\\src\\services\\__tests__\\councilSubmissionService.test.ts:265:32)\n    at Promise.then.completed (E:\\arc-1\\arc-1\\node_modules\\jest-circus\\build\\utils.js:298:28)\n    at new Promise (<anonymous>)\n    at callAsyncCircusFn (E:\\arc-1\\arc-1\\node_modules\\jest-circus\\build\\utils.js:231:10)\n    at _callCircusTest (E:\\arc-1\\arc-1\\node_modules\\jest-circus\\build\\run.js:316:40)\n    at _runTest (E:\\arc-1\\arc-1\\node_modules\\jest-circus\\build\\run.js:252:3)\n    at _runTestsForDescribeBlock (E:\\arc-1\\arc-1\\node_modules\\jest-circus\\build\\run.js:126:9)\n    at _runTestsForDescribeBlock (E:\\arc-1\\arc-1\\node_modules\\jest-circus\\build\\run.js:121:9)\n    at _runTestsForDescribeBlock (E:\\arc-1\\arc-1\\node_modules\\jest-circus\\build\\run.js:121:9)\n    at run (E:\\arc-1\\arc-1\\node_modules\\jest-circus\\build\\run.js:71:3)\n    at runAndTransformResultsToJestFormat (E:\\arc-1\\arc-1\\node_modules\\jest-circus\\build\\legacy-code-todo-rewrite\\jestAdapterInit.js:122:21)\n    at jestAdapter (E:\\arc-1\\arc-1\\node_modules\\jest-circus\\build\\legacy-code-todo-rewrite\\jestAdapter.js:79:19)\n    at runTestInternal (e:\\arc-1\\arc-1\\node_modules\\jest-runner\\build\\runTest.js:367:16)\n    at runTest (e:\\arc-1\\arc-1\\node_modules\\jest-runner\\build\\runTest.js:444:34)"],"fullName":"CouncilSubmissionService subscribeToSubmissions should call callback with submissions","invocations":1,"location":null,"numPassingAsserts":0,"retryReasons":[],"status":"failed","title":"should call callback with submissions"},{"ancestorTitles":["CouncilSubmissionService","getSubmissionsForJob"],"duration":0,"failureDetails":[{}],"failureMessages":["TypeError: councilSubmissionService_1.councilSubmissionService.getSubmissionsForJob is not a function\n    at Object.<anonymous> (E:\\arc-1\\arc-1\\src\\services\\__tests__\\councilSubmissionService.test.ts:280:58)\n    at Promise.then.completed (E:\\arc-1\\arc-1\\node_modules\\jest-circus\\build\\utils.js:298:28)\n    at new Promise (<anonymous>)\n    at callAsyncCircusFn (E:\\arc-1\\arc-1\\node_modules\\jest-circus\\build\\utils.js:231:10)\n    at _callCircusTest (E:\\arc-1\\arc-1\\node_modules\\jest-circus\\build\\run.js:316:40)\n    at _runTest (E:\\arc-1\\arc-1\\node_modules\\jest-circus\\build\\run.js:252:3)\n    at _runTestsForDescribeBlock (E:\\arc-1\\arc-1\\node_modules\\jest-circus\\build\\run.js:126:9)\n    at _runTestsForDescribeBlock (E:\\arc-1\\arc-1\\node_modules\\jest-circus\\build\\run.js:121:9)\n    at _runTestsForDescribeBlock (E:\\arc-1\\arc-1\\node_modules\\jest-circus\\build\\run.js:121:9)\n    at run (E:\\arc-1\\arc-1\\node_modules\\jest-circus\\build\\run.js:71:3)\n    at runAndTransformResultsToJestFormat (E:\\arc-1\\arc-1\\node_modules\\jest-circus\\build\\legacy-code-todo-rewrite\\jestAdapterInit.js:122:21)\n    at jestAdapter (E:\\arc-1\\arc-1\\node_modules\\jest-circus\\build\\legacy-code-todo-rewrite\\jestAdapter.js:79:19)\n    at runTestInternal (e:\\arc-1\\arc-1\\node_modules\\jest-runner\\build\\runTest.js:367:16)\n    at runTest (e:\\arc-1\\arc-1\\node_modules\\jest-runner\\build\\runTest.js:444:34)"],"fullName":"CouncilSubmissionService getSubmissionsForJob should return submissions for job","invocations":1,"location":null,"numPassingAsserts":0,"retryReasons":[],"status":"failed","title":"should return submissions for job"},{"ancestorTitles":["CouncilSubmissionService","checkMunicipalityStatus"],"duration":1,"failureDetails":[{}],"failureMessages":["TypeError: councilSubmissionService_1.councilSubmissionService.checkMunicipalityStatus is not a function\n    at Object.<anonymous> (E:\\arc-1\\arc-1\\src\\services\\__tests__\\councilSubmissionService.test.ts:290:53)\n    at Promise.then.completed (E:\\arc-1\\arc-1\\node_modules\\jest-circus\\build\\utils.js:298:28)\n    at new Promise (<anonymous>)\n    at callAsyncCircusFn (E:\\arc-1\\arc-1\\node_modules\\jest-circus\\build\\utils.js:231:10)\n    at _callCircusTest (E:\\arc-1\\arc-1\\node_modules\\jest-circus\\build\\run.js:316:40)\n    at _runTest (E:\\arc-1\\arc-1\\node_modules\\jest-circus\\build\\run.js:252:3)\n    at _runTestsForDescribeBlock (E:\\arc-1\\arc-1\\node_modules\\jest-circus\\build\\run.js:126:9)\n    at _runTestsForDescribeBlock (E:\\arc-1\\arc-1\\node_modules\\jest-circus\\build\\run.js:121:9)\n    at _runTestsForDescribeBlock (E:\\arc-1\\arc-1\\node_modules\\jest-circus\\build\\run.js:121:9)\n    at run (E:\\arc-1\\arc-1\\node_modules\\jest-circus\\build\\run.js:71:3)\n    at runAndTransformResultsToJestFormat (E:\\arc-1\\arc-1\\node_modules\\jest-circus\\build\\legacy-code-todo-rewrite\\jestAdapterInit.js:122:21)\n    at jestAdapter (E:\\arc-1\\arc-1\\node_modules\\jest-circus\\build\\legacy-code-todo-rewrite\\jestAdapter.js:79:19)\n    at runTestInternal (e:\\arc-1\\arc-1\\node_modules\\jest-runner\\build\\runTest.js:367:16)\n    at runTest (e:\\arc-1\\arc-1\\node_modules\\jest-runner\\build\\runTest.js:444:34)"],"fullName":"CouncilSubmissionService checkMunicipalityStatus should return status for municipality with API","invocations":1,"location":null,"numPassingAsserts":0,"retryReasons":[],"status":"failed","title":"should return status for municipality with API"},{"ancestorTitles":["CouncilSubmissionService","updateSubmissionStatus"],"duration":0,"failureDetails":[{}],"failureMessages":["TypeError: councilSubmissionService_1.councilSubmissionService.updateSubmissionStatus is not a function\n    at Object.<anonymous> (E:\\arc-1\\arc-1\\src\\services\\__tests__\\councilSubmissionService.test.ts:305:38)"],"fullName":"CouncilSubmissionService updateSubmissionStatus should update status and notify","invocations":1,"location":null,"numPassingAsserts":0,"retryReasons":[],"status":"failed","title":"should update status and notify"},{"ancestorTitles":["CouncilSubmissionService","getSubmissionStats"],"duration":0,"failureDetails":[{}],"failureMessages":["TypeError: councilSubmissionService_1.councilSubmissionService.getSubmissionStats is not a function\n    at Object.<anonymous> (E:\\arc-1\\arc-1\\src\\services\\__tests__\\councilSubmissionService.test.ts:318:52)\n    at Promise.then.completed (E:\\arc-1\\arc-1\\node_modules\\jest-circus\\build\\utils.js:298:28)\n    at new Promise (<anonymous>)\n    at callAsyncCircusFn (E:\\arc-1\\arc-1\\node_modules\\jest-circus\\build\\utils.js:231:10)\n    at _callCircusTest (E:\\arc-1\\arc-1\\node_modules\\jest-circus\\build\\run.js:316:40)\n    at _runTest (E:\\arc-1\\arc-1\\node_modules\\jest-circus\\build\\run.js:252:3)\n    at _runTestsForDescribeBlock (E:\\arc-1\\arc-1\\node_modules\\jest-circus\\build\\run.js:126:9)\n    at _runTestsForDescribeBlock (E:\\arc-1\\arc-1\\node_modules\\jest-circus\\build\\run.js:121:9)\n    at _runTestsForDescribeBlock (E:\\arc-1\\arc-1\\node_modules\\jest-circus\\build\\run.js:121:9)\n    at run (E:\\arc-1\\arc-1\\node_modules\\jest-circus\\build\\run.js:71:3)\n    at runAndTransformResultsToJestFormat (E:\\arc-1\\arc-1\\node_modules\\jest-circus\\build\\legacy-code-todo-rewrite\\jestAdapterInit.js:122:21)\n    at jestAdapter (E:\\arc-1\\arc-1\\node_modules\\jest-circus\\build\\legacy-code-todo-rewrite\\jestAdapter.js:79:19)\n    at runTestInternal (e:\\arc-1\\arc-1\\node_modules\\jest-runner\\build\\runTest.js:367:16)\n    at runTest (e:\\arc-1\\arc-1\\node_modules\\jest-runner\\build\\runTest.js:444:34)"],"fullName":"CouncilSubmissionService getSubmissionStats should calculate statistics correctly","invocations":1,"location":null,"numPassingAsserts":0,"retryReasons":[],"status":"failed","title":"should calculate statistics correctly"},{"ancestorTitles":["CouncilSubmissionService","generateSubmissionDocument"],"duration":0,"failureDetails":[{}],"failureMessages":["TypeError: councilSubmissionService_1.councilSubmissionService.generateSubmissionDocument is not a function\n    at Object.<anonymous> (E:\\arc-1\\arc-1\\src\\services\\__tests__\\councilSubmissionService.test.ts:330:53)"],"fullName":"CouncilSubmissionService generateSubmissionDocument should generate PDF document","invocations":1,"location":null,"numPassingAsserts":0,"retryReasons":[],"status":"failed","title":"should generate PDF document"},{"ancestorTitles":["CouncilSubmissionService","validateSubmission"],"duration":0,"failureDetails":[{}],"failureMessages":["TypeError: councilSubmissionService_1.councilSubmissionService.validateSubmission is not a function\n    at Object.<anonymous> (E:\\arc-1\\arc-1\\src\\services\\__tests__\\councilSubmissionService.test.ts:353:57)"],"fullName":"CouncilSubmissionService validateSubmission should return valid for complete submission","invocations":1,"location":null,"numPassingAsserts":0,"retryReasons":[],"status":"failed","title":"should return valid for complete submission"},{"ancestorTitles":["CouncilSubmissionService","validateSubmission"],"duration":1,"failureDetails":[{}],"failureMessages":["TypeError: councilSubmissionService_1.councilSubmissionService.validateSubmission is not a function\n    at Object.<anonymous> (E:\\arc-1\\arc-1\\src\\services\\__tests__\\councilSubmissionService.test.ts:373:57)"],"fullName":"CouncilSubmissionService validateSubmission should return invalid for incomplete requirements","invocations":1,"location":null,"numPassingAsserts":0,"retryReasons":[],"status":"failed","title":"should return invalid for incomplete requirements"},{"ancestorTitles":["CouncilSubmissionService","validateSubmission"],"duration":0,"failureDetails":[{}],"failureMessages":["TypeError: councilSubmissionService_1.councilSubmissionService.validateSubmission is not a function\n    at Object.<anonymous> (E:\\arc-1\\arc-1\\src\\services\\__tests__\\councilSubmissionService.test.ts:390:57)"],"fullName":"CouncilSubmissionService validateSubmission should return invalid for no drawings","invocations":1,"location":null,"numPassingAsserts":0,"retryReasons":[],"status":"failed","title":"should return invalid for no drawings"},{"ancestorTitles":["CouncilSubmissionService","validateSubmission"],"duration":0,"failureDetails":[{}],"failureMessages":["TypeError: councilSubmissionService_1.councilSubmissionService.validateSubmission is not a function\n    at Object.<anonymous> (E:\\arc-1\\arc-1\\src\\services\\__tests__\\councilSubmissionService.test.ts:402:45)"],"fullName":"CouncilSubmissionService validateSubmission should throw for non-existent submission","invocations":1,"location":null,"numPassingAsserts":0,"retryReasons":[],"status":"failed","title":"should throw for non-existent submission"}],"endTime":1777844435512,"message":"  ● CouncilSubmissionService › getMunicipalityConfig › should return requirements for municipality\n\n    TypeError: councilSubmissionService_1.councilSubmissionService.getRequirementsForMunicipality is not a function\n\n    \u001b[0m \u001b[90m 154 |\u001b[39m\n     \u001b[90m 155 |\u001b[39m     test(\u001b[32m'should return requirements for municipality'\u001b[39m\u001b[33m,\u001b[39m () \u001b[33m=>\u001b[39m {\n    \u001b[31m\u001b[1m>\u001b[22m\u001b[39m\u001b[90m 156 |\u001b[39m       \u001b[36mconst\u001b[39m requirements \u001b[33m=\u001b[39m councilSubmissionService\u001b[33m.\u001b[39mgetRequirementsForMunicipality(\u001b[32m'city_of_cape_town'\u001b[39m)\u001b[33m;\u001b[39m\n     \u001b[90m     |\u001b[39m                                                     \u001b[31m\u001b[1m^\u001b[22m\u001b[39m\n     \u001b[90m 157 |\u001b[39m\n     \u001b[90m 158 |\u001b[39m       expect(requirements)\u001b[33m.\u001b[39mtoBeInstanceOf(\u001b[33mArray\u001b[39m)\u001b[33m;\u001b[39m\n     \u001b[90m 159 |\u001b[39m       expect(requirements\u001b[33m.\u001b[39mlength)\u001b[33m.\u001b[39mtoBeGreaterThan(\u001b[35m0\u001b[39m)\u001b[33m;\u001b[39m\u001b[0m\n\n      at Object.<anonymous> (src/services/__tests__/councilSubmissionService.test.ts:156:53)\n\n  ● CouncilSubmissionService › createSubmission › should create submission with correct data\n\n    TypeError: councilSubmissionService_1.councilSubmissionService.createSubmission is not a function\n\n    \u001b[0m \u001b[90m 166 |\u001b[39m       \u001b[36mconst\u001b[39m { addDoc } \u001b[33m=\u001b[39m \u001b[36mawait\u001b[39m \u001b[36mimport\u001b[39m(\u001b[32m'firebase/firestore'\u001b[39m)\u001b[33m;\u001b[39m\n     \u001b[90m 167 |\u001b[39m\n    \u001b[31m\u001b[1m>\u001b[22m\u001b[39m\u001b[90m 168 |\u001b[39m       \u001b[36mawait\u001b[39m councilSubmissionService\u001b[33m.\u001b[39mcreateSubmission(\n     \u001b[90m     |\u001b[39m                                      \u001b[31m\u001b[1m^\u001b[22m\u001b[39m\n     \u001b[90m 169 |\u001b[39m         mockJob\u001b[33m,\u001b[39m\n     \u001b[90m 170 |\u001b[39m         \u001b[32m'city_of_johannesburg'\u001b[39m\u001b[33m,\u001b[39m\n     \u001b[90m 171 |\u001b[39m         mockUser\u001b[0m\n\n      at Object.<anonymous> (src/services/__tests__/councilSubmissionService.test.ts:168:38)\n\n  ● CouncilSubmissionService › createSubmission › should include requirements checklist\n\n    TypeError: councilSubmissionService_1.councilSubmissionService.createSubmission is not a function\n\n    \u001b[0m \u001b[90m 184 |\u001b[39m       \u001b[36mconst\u001b[39m { addDoc } \u001b[33m=\u001b[39m \u001b[36mawait\u001b[39m \u001b[36mimport\u001b[39m(\u001b[32m'firebase/firestore'\u001b[39m)\u001b[33m;\u001b[39m\n     \u001b[90m 185 |\u001b[39m\n    \u001b[31m\u001b[1m>\u001b[22m\u001b[39m\u001b[90m 186 |\u001b[39m       \u001b[36mawait\u001b[39m councilSubmissionService\u001b[33m.\u001b[39mcreateSubmission(\n     \u001b[90m     |\u001b[39m                                      \u001b[31m\u001b[1m^\u001b[22m\u001b[39m\n     \u001b[90m 187 |\u001b[39m         mockJob\u001b[33m,\u001b[39m\n     \u001b[90m 188 |\u001b[39m         \u001b[32m'city_of_johannesburg'\u001b[39m\u001b[33m,\u001b[39m\n     \u001b[90m 189 |\u001b[39m         mockUser\u001b[0m\n\n      at Object.<anonymous> (src/services/__tests__/councilSubmissionService.test.ts:186:38)\n\n  ● CouncilSubmissionService › updateSubmission › should update submission\n\n    TypeError: councilSubmissionService_1.councilSubmissionService.updateSubmission is not a function\n\n    \u001b[0m \u001b[90m 201 |\u001b[39m       \u001b[36mconst\u001b[39m { updateDoc } \u001b[33m=\u001b[39m \u001b[36mawait\u001b[39m \u001b[36mimport\u001b[39m(\u001b[32m'firebase/firestore'\u001b[39m)\u001b[33m;\u001b[39m\n     \u001b[90m 202 |\u001b[39m\n    \u001b[31m\u001b[1m>\u001b[22m\u001b[39m\u001b[90m 203 |\u001b[39m       \u001b[36mawait\u001b[39m councilSubmissionService\u001b[33m.\u001b[39mupdateSubmission(\u001b[32m'sub-1'\u001b[39m\u001b[33m,\u001b[39m {\n     \u001b[90m     |\u001b[39m                                      \u001b[31m\u001b[1m^\u001b[22m\u001b[39m\n     \u001b[90m 204 |\u001b[39m         status\u001b[33m:\u001b[39m \u001b[32m'submitted'\u001b[39m\u001b[33m,\u001b[39m\n     \u001b[90m 205 |\u001b[39m         referenceNumber\u001b[33m:\u001b[39m \u001b[32m'REF-123'\u001b[39m\u001b[33m,\u001b[39m\n     \u001b[90m 206 |\u001b[39m       })\u001b[33m;\u001b[39m\u001b[0m\n\n      at Object.<anonymous> (src/services/__tests__/councilSubmissionService.test.ts:203:38)\n\n  ● CouncilSubmissionService › addDrawingToSubmission › should add drawing to submission\n\n    TypeError: councilSubmissionService_1.councilSubmissionService.addDrawingToSubmission is not a function\n\n    \u001b[0m \u001b[90m 214 |\u001b[39m       \u001b[36mconst\u001b[39m { updateDoc } \u001b[33m=\u001b[39m \u001b[36mawait\u001b[39m \u001b[36mimport\u001b[39m(\u001b[32m'firebase/firestore'\u001b[39m)\u001b[33m;\u001b[39m\n     \u001b[90m 215 |\u001b[39m\n    \u001b[31m\u001b[1m>\u001b[22m\u001b[39m\u001b[90m 216 |\u001b[39m       \u001b[36mawait\u001b[39m councilSubmissionService\u001b[33m.\u001b[39maddDrawingToSubmission(\u001b[32m'sub-1'\u001b[39m\u001b[33m,\u001b[39m \u001b[32m'drawing-2'\u001b[39m)\u001b[33m;\u001b[39m\n     \u001b[90m     |\u001b[39m                                      \u001b[31m\u001b[1m^\u001b[22m\u001b[39m\n     \u001b[90m 217 |\u001b[39m\n     \u001b[90m 218 |\u001b[39m       expect(updateDoc)\u001b[33m.\u001b[39mtoHaveBeenCalled()\u001b[33m;\u001b[39m\n     \u001b[90m 219 |\u001b[39m     })\u001b[33m;\u001b[39m\u001b[0m\n\n      at Object.<anonymous> (src/services/__tests__/councilSubmissionService.test.ts:216:38)\n\n  ● CouncilSubmissionService › removeDrawingFromSubmission › should remove drawing from submission\n\n    TypeError: councilSubmissionService_1.councilSubmissionService.removeDrawingFromSubmission is not a function\n\n    \u001b[0m \u001b[90m 224 |\u001b[39m       \u001b[36mconst\u001b[39m { updateDoc\u001b[33m,\u001b[39m getDoc } \u001b[33m=\u001b[39m \u001b[36mawait\u001b[39m \u001b[36mimport\u001b[39m(\u001b[32m'firebase/firestore'\u001b[39m)\u001b[33m;\u001b[39m\n     \u001b[90m 225 |\u001b[39m\n    \u001b[31m\u001b[1m>\u001b[22m\u001b[39m\u001b[90m 226 |\u001b[39m       \u001b[36mawait\u001b[39m councilSubmissionService\u001b[33m.\u001b[39mremoveDrawingFromSubmission(\u001b[32m'sub-1'\u001b[39m\u001b[33m,\u001b[39m \u001b[32m'drawing-1'\u001b[39m)\u001b[33m;\u001b[39m\n     \u001b[90m     |\u001b[39m                                      \u001b[31m\u001b[1m^\u001b[22m\u001b[39m\n     \u001b[90m 227 |\u001b[39m\n     \u001b[90m 228 |\u001b[39m       expect(getDoc)\u001b[33m.\u001b[39mtoHaveBeenCalled()\u001b[33m;\u001b[39m\n     \u001b[90m 229 |\u001b[39m       expect(updateDoc)\u001b[33m.\u001b[39mtoHaveBeenCalled()\u001b[33m;\u001b[39m\u001b[0m\n\n      at Object.<anonymous> (src/services/__tests__/councilSubmissionService.test.ts:226:38)\n\n  ● CouncilSubmissionService › submitToCouncil › should mark submission as submitted\n\n    TypeError: Cannot read properties of undefined (reading 'name')\n\n    \u001b[0m \u001b[90m 171 |\u001b[39m       jobId\u001b[33m:\u001b[39m job\u001b[33m.\u001b[39mid\u001b[33m,\u001b[39m\n     \u001b[90m 172 |\u001b[39m       municipality\u001b[33m:\u001b[39m \u001b[32m'Other'\u001b[39m\u001b[33m,\u001b[39m\n    \u001b[31m\u001b[1m>\u001b[22m\u001b[39m\u001b[90m 173 |\u001b[39m       municipalityName\u001b[33m:\u001b[39m config\u001b[33m.\u001b[39mname\u001b[33m,\u001b[39m\n     \u001b[90m     |\u001b[39m                                \u001b[31m\u001b[1m^\u001b[22m\u001b[39m\n     \u001b[90m 174 |\u001b[39m       userId\u001b[33m:\u001b[39m client\u001b[33m.\u001b[39muid\u001b[33m,\u001b[39m\n     \u001b[90m 175 |\u001b[39m       referenceNumber\u001b[33m,\u001b[39m\n     \u001b[90m 176 |\u001b[39m       status\u001b[33m:\u001b[39m \u001b[32m'preparing'\u001b[39m\u001b[33m,\u001b[39m\u001b[0m\n\n      at CouncilSubmissionService.submitToCouncil (src/services/councilSubmissionService.ts:173:32)\n      at Object.<anonymous> (src/services/__tests__/councilSubmissionService.test.ts:237:38)\n\n  ● CouncilSubmissionService › submitToCouncil › should include submission method\n\n    TypeError: Cannot read properties of undefined (reading 'name')\n\n    \u001b[0m \u001b[90m 171 |\u001b[39m       jobId\u001b[33m:\u001b[39m job\u001b[33m.\u001b[39mid\u001b[33m,\u001b[39m\n     \u001b[90m 172 |\u001b[39m       municipality\u001b[33m:\u001b[39m \u001b[32m'Other'\u001b[39m\u001b[33m,\u001b[39m\n    \u001b[31m\u001b[1m>\u001b[22m\u001b[39m\u001b[90m 173 |\u001b[39m       municipalityName\u001b[33m:\u001b[39m config\u001b[33m.\u001b[39mname\u001b[33m,\u001b[39m\n     \u001b[90m     |\u001b[39m                                \u001b[31m\u001b[1m^\u001b[22m\u001b[39m\n     \u001b[90m 174 |\u001b[39m       userId\u001b[33m:\u001b[39m client\u001b[33m.\u001b[39muid\u001b[33m,\u001b[39m\n     \u001b[90m 175 |\u001b[39m       referenceNumber\u001b[33m,\u001b[39m\n     \u001b[90m 176 |\u001b[39m       status\u001b[33m:\u001b[39m \u001b[32m'preparing'\u001b[39m\u001b[33m,\u001b[39m\u001b[0m\n\n      at CouncilSubmissionService.submitToCouncil (src/services/councilSubmissionService.ts:173:32)\n      at Object.<anonymous> (src/services/__tests__/councilSubmissionService.test.ts:248:38)\n\n  ● CouncilSubmissionService › subscribeToSubmissions › should subscribe and return unsubscribe function\n\n    TypeError: councilSubmissionService_1.councilSubmissionService.subscribeToSubmissions is not a function\n\n    \u001b[0m \u001b[90m 256 |\u001b[39m     test(\u001b[32m'should subscribe and return unsubscribe function'\u001b[39m\u001b[33m,\u001b[39m () \u001b[33m=>\u001b[39m {\n     \u001b[90m 257 |\u001b[39m       \u001b[36mconst\u001b[39m callback \u001b[33m=\u001b[39m jest\u001b[33m.\u001b[39mfn()\u001b[33m;\u001b[39m\n    \u001b[31m\u001b[1m>\u001b[22m\u001b[39m\u001b[90m 258 |\u001b[39m       \u001b[36mconst\u001b[39m unsubscribe \u001b[33m=\u001b[39m councilSubmissionService\u001b[33m.\u001b[39msubscribeToSubmissions(\u001b[32m'job-1'\u001b[39m\u001b[33m,\u001b[39m callback)\u001b[33m;\u001b[39m\n     \u001b[90m     |\u001b[39m                                                    \u001b[31m\u001b[1m^\u001b[22m\u001b[39m\n     \u001b[90m 259 |\u001b[39m\n     \u001b[90m 260 |\u001b[39m       expect(\u001b[36mtypeof\u001b[39m unsubscribe)\u001b[33m.\u001b[39mtoBe(\u001b[32m'function'\u001b[39m)\u001b[33m;\u001b[39m\n     \u001b[90m 261 |\u001b[39m     })\u001b[33m;\u001b[39m\u001b[0m\n\n      at Object.<anonymous> (src/services/__tests__/councilSubmissionService.test.ts:258:52)\n\n  ● CouncilSubmissionService › subscribeToSubmissions › should call callback with submissions\n\n    TypeError: councilSubmissionService_1.councilSubmissionService.subscribeToSubmissions is not a function\n\n    \u001b[0m \u001b[90m 263 |\u001b[39m     test(\u001b[32m'should call callback with submissions'\u001b[39m\u001b[33m,\u001b[39m () \u001b[33m=>\u001b[39m {\n     \u001b[90m 264 |\u001b[39m       \u001b[36mconst\u001b[39m callback \u001b[33m=\u001b[39m jest\u001b[33m.\u001b[39mfn()\u001b[33m;\u001b[39m\n    \u001b[31m\u001b[1m>\u001b[22m\u001b[39m\u001b[90m 265 |\u001b[39m       councilSubmissionService\u001b[33m.\u001b[39msubscribeToSubmissions(\u001b[32m'job-1'\u001b[39m\u001b[33m,\u001b[39m callback)\u001b[33m;\u001b[39m\n     \u001b[90m     |\u001b[39m                                \u001b[31m\u001b[1m^\u001b[22m\u001b[39m\n     \u001b[90m 266 |\u001b[39m\n     \u001b[90m 267 |\u001b[39m       expect(callback)\u001b[33m.\u001b[39mtoHaveBeenCalledWith(\n     \u001b[90m 268 |\u001b[39m         expect\u001b[33m.\u001b[39marrayContaining([\u001b[0m\n\n      at Object.<anonymous> (src/services/__tests__/councilSubmissionService.test.ts:265:32)\n\n  ● CouncilSubmissionService › getSubmissionsForJob › should return submissions for job\n\n    TypeError: councilSubmissionService_1.councilSubmissionService.getSubmissionsForJob is not a function\n\n    \u001b[0m \u001b[90m 278 |\u001b[39m   describe(\u001b[32m'getSubmissionsForJob'\u001b[39m\u001b[33m,\u001b[39m () \u001b[33m=>\u001b[39m {\n     \u001b[90m 279 |\u001b[39m     test(\u001b[32m'should return submissions for job'\u001b[39m\u001b[33m,\u001b[39m \u001b[36masync\u001b[39m () \u001b[33m=>\u001b[39m {\n    \u001b[31m\u001b[1m>\u001b[22m\u001b[39m\u001b[90m 280 |\u001b[39m       \u001b[36mconst\u001b[39m submissions \u001b[33m=\u001b[39m \u001b[36mawait\u001b[39m councilSubmissionService\u001b[33m.\u001b[39mgetSubmissionsForJob(\u001b[32m'job-1'\u001b[39m)\u001b[33m;\u001b[39m\n     \u001b[90m     |\u001b[39m                                                          \u001b[31m\u001b[1m^\u001b[22m\u001b[39m\n     \u001b[90m 281 |\u001b[39m\n     \u001b[90m 282 |\u001b[39m       expect(submissions)\u001b[33m.\u001b[39mtoBeInstanceOf(\u001b[33mArray\u001b[39m)\u001b[33m;\u001b[39m\n     \u001b[90m 283 |\u001b[39m       expect(submissions\u001b[33m.\u001b[39mlength)\u001b[33m.\u001b[39mtoBeGreaterThan(\u001b[35m0\u001b[39m)\u001b[33m;\u001b[39m\u001b[0m\n\n      at Object.<anonymous> (src/services/__tests__/councilSubmissionService.test.ts:280:58)\n\n  ● CouncilSubmissionService › checkMunicipalityStatus › should return status for municipality with API\n\n    TypeError: councilSubmissionService_1.councilSubmissionService.checkMunicipalityStatus is not a function\n\n    \u001b[0m \u001b[90m 288 |\u001b[39m     test(\u001b[32m'should return status for municipality with API'\u001b[39m\u001b[33m,\u001b[39m \u001b[36masync\u001b[39m () \u001b[33m=>\u001b[39m {\n     \u001b[90m 289 |\u001b[39m       \u001b[90m// Note: Currently no municipalities have API support\u001b[39m\n    \u001b[31m\u001b[1m>\u001b[22m\u001b[39m\u001b[90m 290 |\u001b[39m       \u001b[36mconst\u001b[39m status \u001b[33m=\u001b[39m \u001b[36mawait\u001b[39m councilSubmissionService\u001b[33m.\u001b[39mcheckMunicipalityStatus(\n     \u001b[90m     |\u001b[39m                                                     \u001b[31m\u001b[1m^\u001b[22m\u001b[39m\n     \u001b[90m 291 |\u001b[39m         \u001b[32m'city_of_johannesburg'\u001b[39m\u001b[33m,\u001b[39m\n     \u001b[90m 292 |\u001b[39m         \u001b[32m'REF-123'\u001b[39m\n     \u001b[90m 293 |\u001b[39m       )\u001b[33m;\u001b[39m\u001b[0m\n\n      at Object.<anonymous> (src/services/__tests__/councilSubmissionService.test.ts:290:53)\n\n  ● CouncilSubmissionService › updateSubmissionStatus › should update status and notify\n\n    TypeError: councilSubmissionService_1.councilSubmissionService.updateSubmissionStatus is not a function\n\n    \u001b[0m \u001b[90m 303 |\u001b[39m       \u001b[36mconst\u001b[39m { notificationService } \u001b[33m=\u001b[39m \u001b[36mawait\u001b[39m \u001b[36mimport\u001b[39m(\u001b[32m'../notificationService'\u001b[39m)\u001b[33m;\u001b[39m\n     \u001b[90m 304 |\u001b[39m\n    \u001b[31m\u001b[1m>\u001b[22m\u001b[39m\u001b[90m 305 |\u001b[39m       \u001b[36mawait\u001b[39m councilSubmissionService\u001b[33m.\u001b[39mupdateSubmissionStatus(\n     \u001b[90m     |\u001b[39m                                      \u001b[31m\u001b[1m^\u001b[22m\u001b[39m\n     \u001b[90m 306 |\u001b[39m         \u001b[32m'sub-1'\u001b[39m\u001b[33m,\u001b[39m\n     \u001b[90m 307 |\u001b[39m         \u001b[32m'approved'\u001b[39m\u001b[33m,\u001b[39m\n     \u001b[90m 308 |\u001b[39m         \u001b[32m'Permit granted'\u001b[39m\u001b[0m\n\n      at Object.<anonymous> (src/services/__tests__/councilSubmissionService.test.ts:305:38)\n\n  ● CouncilSubmissionService › getSubmissionStats › should calculate statistics correctly\n\n    TypeError: councilSubmissionService_1.councilSubmissionService.getSubmissionStats is not a function\n\n    \u001b[0m \u001b[90m 316 |\u001b[39m   describe(\u001b[32m'getSubmissionStats'\u001b[39m\u001b[33m,\u001b[39m () \u001b[33m=>\u001b[39m {\n     \u001b[90m 317 |\u001b[39m     test(\u001b[32m'should calculate statistics correctly'\u001b[39m\u001b[33m,\u001b[39m \u001b[36masync\u001b[39m () \u001b[33m=>\u001b[39m {\n    \u001b[31m\u001b[1m>\u001b[22m\u001b[39m\u001b[90m 318 |\u001b[39m       \u001b[36mconst\u001b[39m stats \u001b[33m=\u001b[39m \u001b[36mawait\u001b[39m councilSubmissionService\u001b[33m.\u001b[39mgetSubmissionStats(\u001b[32m'arch-1'\u001b[39m)\u001b[33m;\u001b[39m\n     \u001b[90m     |\u001b[39m                                                    \u001b[31m\u001b[1m^\u001b[22m\u001b[39m\n     \u001b[90m 319 |\u001b[39m\n     \u001b[90m 320 |\u001b[39m       expect(stats)\u001b[33m.\u001b[39mtoHaveProperty(\u001b[32m'total'\u001b[39m)\u001b[33m;\u001b[39m\n     \u001b[90m 321 |\u001b[39m       expect(stats)\u001b[33m.\u001b[39mtoHaveProperty(\u001b[32m'byStatus'\u001b[39m)\u001b[33m;\u001b[39m\u001b[0m\n\n      at Object.<anonymous> (src/services/__tests__/councilSubmissionService.test.ts:318:52)\n\n  ● CouncilSubmissionService › generateSubmissionDocument › should generate PDF document\n\n    TypeError: councilSubmissionService_1.councilSubmissionService.generateSubmissionDocument is not a function\n\n    \u001b[0m \u001b[90m 328 |\u001b[39m       \u001b[36mconst\u001b[39m { pdfGenerationService } \u001b[33m=\u001b[39m \u001b[36mawait\u001b[39m \u001b[36mimport\u001b[39m(\u001b[32m'../pdfGenerationService'\u001b[39m)\u001b[33m;\u001b[39m\n     \u001b[90m 329 |\u001b[39m\n    \u001b[31m\u001b[1m>\u001b[22m\u001b[39m\u001b[90m 330 |\u001b[39m       \u001b[36mconst\u001b[39m result \u001b[33m=\u001b[39m \u001b[36mawait\u001b[39m councilSubmissionService\u001b[33m.\u001b[39mgenerateSubmissionDocument(\u001b[32m'sub-1'\u001b[39m)\u001b[33m;\u001b[39m\n     \u001b[90m     |\u001b[39m                                                     \u001b[31m\u001b[1m^\u001b[22m\u001b[39m\n     \u001b[90m 331 |\u001b[39m\n     \u001b[90m 332 |\u001b[39m       expect(pdfGenerationService\u001b[33m.\u001b[39mgenerateCouncilSubmission)\u001b[33m.\u001b[39mtoHaveBeenCalled()\u001b[33m;\u001b[39m\n     \u001b[90m 333 |\u001b[39m       expect(result)\u001b[33m.\u001b[39mtoHaveProperty(\u001b[32m'url'\u001b[39m)\u001b[33m;\u001b[39m\u001b[0m\n\n      at Object.<anonymous> (src/services/__tests__/councilSubmissionService.test.ts:330:53)\n\n  ● CouncilSubmissionService › validateSubmission › should return valid for complete submission\n\n    TypeError: councilSubmissionService_1.councilSubmissionService.validateSubmission is not a function\n\n    \u001b[0m \u001b[90m 351 |\u001b[39m       })\u001b[33m;\u001b[39m\n     \u001b[90m 352 |\u001b[39m\n    \u001b[31m\u001b[1m>\u001b[22m\u001b[39m\u001b[90m 353 |\u001b[39m       \u001b[36mconst\u001b[39m validation \u001b[33m=\u001b[39m \u001b[36mawait\u001b[39m councilSubmissionService\u001b[33m.\u001b[39mvalidateSubmission(\u001b[32m'sub-1'\u001b[39m)\u001b[33m;\u001b[39m\n     \u001b[90m     |\u001b[39m                                                         \u001b[31m\u001b[1m^\u001b[22m\u001b[39m\n     \u001b[90m 354 |\u001b[39m\n     \u001b[90m 355 |\u001b[39m       expect(validation\u001b[33m.\u001b[39mvalid)\u001b[33m.\u001b[39mtoBe(\u001b[36mtrue\u001b[39m)\u001b[33m;\u001b[39m\n     \u001b[90m 356 |\u001b[39m       expect(validation\u001b[33m.\u001b[39merrors)\u001b[33m.\u001b[39mtoHaveLength(\u001b[35m0\u001b[39m)\u001b[33m;\u001b[39m\u001b[0m\n\n      at Object.<anonymous> (src/services/__tests__/councilSubmissionService.test.ts:353:57)\n\n  ● CouncilSubmissionService › validateSubmission › should return invalid for incomplete requirements\n\n    TypeError: councilSubmissionService_1.councilSubmissionService.validateSubmission is not a function\n\n    \u001b[0m \u001b[90m 371 |\u001b[39m       })\u001b[33m;\u001b[39m\n     \u001b[90m 372 |\u001b[39m\n    \u001b[31m\u001b[1m>\u001b[22m\u001b[39m\u001b[90m 373 |\u001b[39m       \u001b[36mconst\u001b[39m validation \u001b[33m=\u001b[39m \u001b[36mawait\u001b[39m councilSubmissionService\u001b[33m.\u001b[39mvalidateSubmission(\u001b[32m'sub-1'\u001b[39m)\u001b[33m;\u001b[39m\n     \u001b[90m     |\u001b[39m                                                         \u001b[31m\u001b[1m^\u001b[22m\u001b[39m\n     \u001b[90m 374 |\u001b[39m\n     \u001b[90m 375 |\u001b[39m       expect(validation\u001b[33m.\u001b[39mvalid)\u001b[33m.\u001b[39mtoBe(\u001b[36mfalse\u001b[39m)\u001b[33m;\u001b[39m\n     \u001b[90m 376 |\u001b[39m       expect(validation\u001b[33m.\u001b[39merrors\u001b[33m.\u001b[39mlength)\u001b[33m.\u001b[39mtoBeGreaterThan(\u001b[35m0\u001b[39m)\u001b[33m;\u001b[39m\u001b[0m\n\n      at Object.<anonymous> (src/services/__tests__/councilSubmissionService.test.ts:373:57)\n\n  ● CouncilSubmissionService › validateSubmission › should return invalid for no drawings\n\n    TypeError: councilSubmissionService_1.councilSubmissionService.validateSubmission is not a function\n\n    \u001b[0m \u001b[90m 388 |\u001b[39m       })\u001b[33m;\u001b[39m\n     \u001b[90m 389 |\u001b[39m\n    \u001b[31m\u001b[1m>\u001b[22m\u001b[39m\u001b[90m 390 |\u001b[39m       \u001b[36mconst\u001b[39m validation \u001b[33m=\u001b[39m \u001b[36mawait\u001b[39m councilSubmissionService\u001b[33m.\u001b[39mvalidateSubmission(\u001b[32m'sub-1'\u001b[39m)\u001b[33m;\u001b[39m\n     \u001b[90m     |\u001b[39m                                                         \u001b[31m\u001b[1m^\u001b[22m\u001b[39m\n     \u001b[90m 391 |\u001b[39m\n     \u001b[90m 392 |\u001b[39m       expect(validation\u001b[33m.\u001b[39mvalid)\u001b[33m.\u001b[39mtoBe(\u001b[36mfalse\u001b[39m)\u001b[33m;\u001b[39m\n     \u001b[90m 393 |\u001b[39m       expect(validation\u001b[33m.\u001b[39merrors)\u001b[33m.\u001b[39mtoContain(\u001b[32m'No drawings attached'\u001b[39m)\u001b[33m;\u001b[39m\u001b[0m\n\n      at Object.<anonymous> (src/services/__tests__/councilSubmissionService.test.ts:390:57)\n\n  ● CouncilSubmissionService › validateSubmission › should throw for non-existent submission\n\n    TypeError: councilSubmissionService_1.councilSubmissionService.validateSubmission is not a function\n\n    \u001b[0m \u001b[90m 400 |\u001b[39m       })\u001b[33m;\u001b[39m\n     \u001b[90m 401 |\u001b[39m\n    \u001b[31m\u001b[1m>\u001b[22m\u001b[39m\u001b[90m 402 |\u001b[39m       \u001b[36mawait\u001b[39m expect(councilSubmissionService\u001b[33m.\u001b[39mvalidateSubmission(\u001b[32m'non-existent'\u001b[39m))\u001b[33m.\u001b[39mrejects\u001b[33m.\u001b[39mtoThrow(\n     \u001b[90m     |\u001b[39m                                             \u001b[31m\u001b[1m^\u001b[22m\u001b[39m\n     \u001b[90m 403 |\u001b[39m         \u001b[32m'Submission not found'\u001b[39m\n     \u001b[90m 404 |\u001b[39m       )\u001b[33m;\u001b[39m\n     \u001b[90m 405 |\u001b[39m     })\u001b[33m;\u001b[39m\u001b[0m\n\n      at Object.<anonymous> (src/services/__tests__/councilSubmissionService.test.ts:402:45)\n","name":"E:\\arc-1\\arc-1\\src\\services\\__tests__\\councilSubmissionService.test.ts","startTime":1777844435239,"status":"failed","summary":""},{"assertionResults":[{"ancestorTitles":["Authentication Flow Integration"],"duration":1,"failureDetails":[],"failureMessages":[],"fullName":"Authentication Flow Integration should sign up new user with email and password","invocations":1,"location":null,"numPassingAsserts":2,"retryReasons":[],"status":"passed","title":"should sign up new user with email and password"},{"ancestorTitles":["Authentication Flow Integration"],"duration":1,"failureDetails":[],"failureMessages":[],"fullName":"Authentication Flow Integration should sign in existing user","invocations":1,"location":null,"numPassingAsserts":2,"retryReasons":[],"status":"passed","title":"should sign in existing user"},{"ancestorTitles":["Authentication Flow Integration"],"duration":9,"failureDetails":[],"failureMessages":[],"fullName":"Authentication Flow Integration should handle sign in error","invocations":1,"location":null,"numPassingAsserts":1,"retryReasons":[],"status":"passed","title":"should handle sign in error"},{"ancestorTitles":["Authentication Flow Integration"],"duration":0,"failureDetails":[],"failureMessages":[],"fullName":"Authentication Flow Integration should sign in with Google","invocations":1,"location":null,"numPassingAsserts":2,"retryReasons":[],"status":"passed","title":"should sign in with Google"},{"ancestorTitles":["Authentication Flow Integration"],"duration":3,"failureDetails":[{"matcherResult":{"message":"expect(jest.fn()).toHaveBeenCalled()\n\nExpected number of calls: >= 1\nReceived number of calls:    0","pass":false}}],"failureMessages":["Error: expect(jest.fn()).toHaveBeenCalled()\n\nExpected number of calls: >= 1\nReceived number of calls:    0\n    at Object.<anonymous> (E:\\arc-1\\arc-1\\src\\test\\integration\\authentication-flow.test.ts:189:24)"],"fullName":"Authentication Flow Integration should create user profile on first Google sign in","invocations":1,"location":null,"numPassingAsserts":1,"retryReasons":[],"status":"failed","title":"should create user profile on first Google sign in"},{"ancestorTitles":["Authentication Flow Integration"],"duration":0,"failureDetails":[],"failureMessages":[],"fullName":"Authentication Flow Integration should sign out user","invocations":1,"location":null,"numPassingAsserts":1,"retryReasons":[],"status":"passed","title":"should sign out user"},{"ancestorTitles":["Authentication Flow Integration"],"duration":1,"failureDetails":[],"failureMessages":[],"fullName":"Authentication Flow Integration should handle auth state changes","invocations":1,"location":null,"numPassingAsserts":2,"retryReasons":[],"status":"passed","title":"should handle auth state changes"},{"ancestorTitles":["Authentication Flow Integration"],"duration":1,"failureDetails":[],"failureMessages":[],"fullName":"Authentication Flow Integration should get Firebase ID token","invocations":1,"location":null,"numPassingAsserts":1,"retryReasons":[],"status":"passed","title":"should get Firebase ID token"},{"ancestorTitles":["Authentication Flow Integration"],"duration":0,"failureDetails":[],"failureMessages":[],"fullName":"Authentication Flow Integration should update user profile","invocations":1,"location":null,"numPassingAsserts":1,"retryReasons":[],"status":"passed","title":"should update user profile"},{"ancestorTitles":["Authentication Flow Integration"],"duration":1,"failureDetails":[],"failureMessages":[],"fullName":"Authentication Flow Integration should handle weak password error","invocations":1,"location":null,"numPassingAsserts":1,"retryReasons":[],"status":"passed","title":"should handle weak password error"},{"ancestorTitles":["Authentication Flow Integration"],"duration":1,"failureDetails":[],"failureMessages":[],"fullName":"Authentication Flow Integration should handle email already in use error","invocations":1,"location":null,"numPassingAsserts":1,"retryReasons":[],"status":"passed","title":"should handle email already in use error"},{"ancestorTitles":["Authentication Flow Integration"],"duration":0,"failureDetails":[],"failureMessages":[],"fullName":"Authentication Flow Integration should handle wrong password error","invocations":1,"location":null,"numPassingAsserts":1,"retryReasons":[],"status":"passed","title":"should handle wrong password error"}],"endTime":1777844435799,"message":"  ● Authentication Flow Integration › should create user profile on first Google sign in\n\n    expect(jest.fn()).toHaveBeenCalled()\n\n    Expected number of calls: >= 1\n    Received number of calls:    0\n\n    \u001b[0m \u001b[90m 187 |\u001b[39m     expect(result\u001b[33m.\u001b[39muser)\u001b[33m.\u001b[39mtoBeDefined()\u001b[33m;\u001b[39m\n     \u001b[90m 188 |\u001b[39m     \u001b[90m// Profile should be created (setDoc called)\u001b[39m\n    \u001b[31m\u001b[1m>\u001b[22m\u001b[39m\u001b[90m 189 |\u001b[39m     expect(mockSetDoc)\u001b[33m.\u001b[39mtoHaveBeenCalled()\u001b[33m;\u001b[39m\n     \u001b[90m     |\u001b[39m                        \u001b[31m\u001b[1m^\u001b[22m\u001b[39m\n     \u001b[90m 190 |\u001b[39m   })\u001b[33m;\u001b[39m\n     \u001b[90m 191 |\u001b[39m\n     \u001b[90m 192 |\u001b[39m   test(\u001b[32m'should sign out user'\u001b[39m\u001b[33m,\u001b[39m \u001b[36masync\u001b[39m () \u001b[33m=>\u001b[39m {\u001b[0m\n\n      at Object.<anonymous> (src/test/integration/authentication-flow.test.ts:189:24)\n","name":"E:\\arc-1\\arc-1\\src\\test\\integration\\authentication-flow.test.ts","startTime":1777844435531,"status":"failed","summary":""},{"assertionResults":[{"ancestorTitles":["NotificationService","sendNotification"],"duration":1,"failureDetails":[{}],"failureMessages":["TypeError: (0 , firestore_1.getDoc) is not a function\n    at NotificationService.getUserPreferences (E:\\arc-1\\arc-1\\src\\services\\notificationService.ts:80:34)\n    at NotificationService.sendNotification (E:\\arc-1\\arc-1\\src\\services\\notificationService.ts:99:36)\n    at Object.<anonymous> (E:\\arc-1\\arc-1\\src\\services\\__tests__\\notificationService.test.ts:99:33)"],"fullName":"NotificationService sendNotification should send notification with correct data","invocations":1,"location":null,"numPassingAsserts":0,"retryReasons":[],"status":"failed","title":"should send notification with correct data"},{"ancestorTitles":["NotificationService","sendNotification"],"duration":1,"failureDetails":[{}],"failureMessages":["TypeError: (0 , firestore_1.getDoc) is not a function\n    at NotificationService.getUserPreferences (E:\\arc-1\\arc-1\\src\\services\\notificationService.ts:80:34)\n    at NotificationService.sendNotification (E:\\arc-1\\arc-1\\src\\services\\notificationService.ts:99:36)\n    at Object.<anonymous> (E:\\arc-1\\arc-1\\src\\services\\__tests__\\notificationService.test.ts:118:33)"],"fullName":"NotificationService sendNotification should include correct channels based on notification type","invocations":1,"location":null,"numPassingAsserts":0,"retryReasons":[],"status":"failed","title":"should include correct channels based on notification type"},{"ancestorTitles":["NotificationService","sendNotification"],"duration":1,"failureDetails":[{}],"failureMessages":["TypeError: (0 , firestore_1.getDoc) is not a function\n    at NotificationService.getUserPreferences (E:\\arc-1\\arc-1\\src\\services\\notificationService.ts:80:34)\n    at NotificationService.sendNotification (E:\\arc-1\\arc-1\\src\\services\\notificationService.ts:99:36)\n    at Object.<anonymous> (E:\\arc-1\\arc-1\\src\\services\\__tests__\\notificationService.test.ts:133:33)"],"fullName":"NotificationService sendNotification should handle notification without data","invocations":1,"location":null,"numPassingAsserts":0,"retryReasons":[],"status":"failed","title":"should handle notification without data"},{"ancestorTitles":["NotificationService","subscribeToNotifications"],"duration":2,"failureDetails":[{"matcherResult":{"message":"expect(jest.fn()).toHaveBeenCalled()\n\nExpected number of calls: >= 1\nReceived number of calls:    0","pass":false}}],"failureMessages":["Error: expect(jest.fn()).toHaveBeenCalled()\n\nExpected number of calls: >= 1\nReceived number of calls:    0\n    at Object.<anonymous> (E:\\arc-1\\arc-1\\src\\services\\__tests__\\notificationService.test.ts:150:27)\n    at Promise.then.completed (E:\\arc-1\\arc-1\\node_modules\\jest-circus\\build\\utils.js:298:28)\n    at new Promise (<anonymous>)\n    at callAsyncCircusFn (E:\\arc-1\\arc-1\\node_modules\\jest-circus\\build\\utils.js:231:10)\n    at _callCircusTest (E:\\arc-1\\arc-1\\node_modules\\jest-circus\\build\\run.js:316:40)\n    at _runTest (E:\\arc-1\\arc-1\\node_modules\\jest-circus\\build\\run.js:252:3)\n    at _runTestsForDescribeBlock (E:\\arc-1\\arc-1\\node_modules\\jest-circus\\build\\run.js:126:9)\n    at _runTestsForDescribeBlock (E:\\arc-1\\arc-1\\node_modules\\jest-circus\\build\\run.js:121:9)\n    at _runTestsForDescribeBlock (E:\\arc-1\\arc-1\\node_modules\\jest-circus\\build\\run.js:121:9)\n    at run (E:\\arc-1\\arc-1\\node_modules\\jest-circus\\build\\run.js:71:3)\n    at runAndTransformResultsToJestFormat (E:\\arc-1\\arc-1\\node_modules\\jest-circus\\build\\legacy-code-todo-rewrite\\jestAdapterInit.js:122:21)\n    at jestAdapter (E:\\arc-1\\arc-1\\node_modules\\jest-circus\\build\\legacy-code-todo-rewrite\\jestAdapter.js:79:19)\n    at runTestInternal (e:\\arc-1\\arc-1\\node_modules\\jest-runner\\build\\runTest.js:367:16)\n    at runTest (e:\\arc-1\\arc-1\\node_modules\\jest-runner\\build\\runTest.js:444:34)"],"fullName":"NotificationService subscribeToNotifications should subscribe and return unsubscribe function","invocations":1,"location":null,"numPassingAsserts":1,"retryReasons":[],"status":"failed","title":"should subscribe and return unsubscribe function"},{"ancestorTitles":["NotificationService","subscribeToNotifications"],"duration":3,"failureDetails":[],"failureMessages":[],"fullName":"NotificationService subscribeToNotifications should call callback with notifications","invocations":1,"location":null,"numPassingAsserts":1,"retryReasons":[],"status":"passed","title":"should call callback with notifications"},{"ancestorTitles":["NotificationService","markAsRead"],"duration":1,"failureDetails":[],"failureMessages":[],"fullName":"NotificationService markAsRead should update notification as read","invocations":1,"location":null,"numPassingAsserts":1,"retryReasons":[],"status":"passed","title":"should update notification as read"},{"ancestorTitles":["NotificationService","markAllAsRead"],"duration":1,"failureDetails":[],"failureMessages":[],"fullName":"NotificationService markAllAsRead should mark all notifications as read for user","invocations":1,"location":null,"numPassingAsserts":2,"retryReasons":[],"status":"passed","title":"should mark all notifications as read for user"},{"ancestorTitles":["NotificationService","unsubscribe"],"duration":0,"failureDetails":[{}],"failureMessages":["TypeError: notificationService_1.notificationService.unsubscribe is not a function\n    at Object.<anonymous> (E:\\arc-1\\arc-1\\src\\services\\__tests__\\notificationService.test.ts:199:27)\n    at Promise.then.completed (E:\\arc-1\\arc-1\\node_modules\\jest-circus\\build\\utils.js:298:28)\n    at new Promise (<anonymous>)\n    at callAsyncCircusFn (E:\\arc-1\\arc-1\\node_modules\\jest-circus\\build\\utils.js:231:10)\n    at _callCircusTest (E:\\arc-1\\arc-1\\node_modules\\jest-circus\\build\\run.js:316:40)\n    at _runTest (E:\\arc-1\\arc-1\\node_modules\\jest-circus\\build\\run.js:252:3)\n    at _runTestsForDescribeBlock (E:\\arc-1\\arc-1\\node_modules\\jest-circus\\build\\run.js:126:9)\n    at _runTestsForDescribeBlock (E:\\arc-1\\arc-1\\node_modules\\jest-circus\\build\\run.js:121:9)\n    at _runTestsForDescribeBlock (E:\\arc-1\\arc-1\\node_modules\\jest-circus\\build\\run.js:121:9)\n    at run (E:\\arc-1\\arc-1\\node_modules\\jest-circus\\build\\run.js:71:3)\n    at runAndTransformResultsToJestFormat (E:\\arc-1\\arc-1\\node_modules\\jest-circus\\build\\legacy-code-todo-rewrite\\jestAdapterInit.js:122:21)\n    at jestAdapter (E:\\arc-1\\arc-1\\node_modules\\jest-circus\\build\\legacy-code-todo-rewrite\\jestAdapter.js:79:19)\n    at runTestInternal (e:\\arc-1\\arc-1\\node_modules\\jest-runner\\build\\runTest.js:367:16)\n    at runTest (e:\\arc-1\\arc-1\\node_modules\\jest-runner\\build\\runTest.js:444:34)"],"fullName":"NotificationService unsubscribe should unsubscribe all listeners","invocations":1,"location":null,"numPassingAsserts":0,"retryReasons":[],"status":"failed","title":"should unsubscribe all listeners"},{"ancestorTitles":["NotificationService","notification type helpers"],"duration":0,"failureDetails":[{}],"failureMessages":["TypeError: notificationService_1.notificationService.notifyJobApplication is not a function\n    at Object.<anonymous> (E:\\arc-1\\arc-1\\src\\services\\__tests__\\notificationService.test.ts:210:33)"],"fullName":"NotificationService notification type helpers should notify on job application","invocations":1,"location":null,"numPassingAsserts":0,"retryReasons":[],"status":"failed","title":"should notify on job application"},{"ancestorTitles":["NotificationService","notification type helpers"],"duration":1,"failureDetails":[{}],"failureMessages":["TypeError: (0 , firestore_1.getDoc) is not a function\n    at NotificationService.getUserPreferences (E:\\arc-1\\arc-1\\src\\services\\notificationService.ts:80:34)\n    at NotificationService.sendNotification (E:\\arc-1\\arc-1\\src\\services\\notificationService.ts:99:36)\n    at NotificationService.notifyApplicationAccepted (E:\\arc-1\\arc-1\\src\\services\\notificationService.ts:273:16)\n    at Object.<anonymous> (E:\\arc-1\\arc-1\\src\\services\\__tests__\\notificationService.test.ts:221:33)"],"fullName":"NotificationService notification type helpers should notify on application accepted","invocations":1,"location":null,"numPassingAsserts":0,"retryReasons":[],"status":"failed","title":"should notify on application accepted"},{"ancestorTitles":["NotificationService","notification type helpers"],"duration":0,"failureDetails":[{}],"failureMessages":["TypeError: (0 , firestore_1.getDoc) is not a function\n    at NotificationService.getUserPreferences (E:\\arc-1\\arc-1\\src\\services\\notificationService.ts:80:34)\n    at NotificationService.sendNotification (E:\\arc-1\\arc-1\\src\\services\\notificationService.ts:99:36)\n    at NotificationService.notifyDrawingSubmitted (E:\\arc-1\\arc-1\\src\\services\\notificationService.ts:285:16)\n    at Object.<anonymous> (E:\\arc-1\\arc-1\\src\\services\\__tests__\\notificationService.test.ts:231:33)"],"fullName":"NotificationService notification type helpers should notify on drawing submitted","invocations":1,"location":null,"numPassingAsserts":0,"retryReasons":[],"status":"failed","title":"should notify on drawing submitted"},{"ancestorTitles":["NotificationService","notification type helpers"],"duration":1,"failureDetails":[{}],"failureMessages":["TypeError: (0 , firestore_1.getDoc) is not a function\n    at NotificationService.getUserPreferences (E:\\arc-1\\arc-1\\src\\services\\notificationService.ts:80:34)\n    at NotificationService.sendNotification (E:\\arc-1\\arc-1\\src\\services\\notificationService.ts:99:36)\n    at NotificationService.notifyAIReviewComplete (E:\\arc-1\\arc-1\\src\\services\\notificationService.ts:309:12)\n    at Object.<anonymous> (E:\\arc-1\\arc-1\\src\\services\\__tests__\\notificationService.test.ts:241:33)"],"fullName":"NotificationService notification type helpers should notify on AI review complete","invocations":1,"location":null,"numPassingAsserts":0,"retryReasons":[],"status":"failed","title":"should notify on AI review complete"},{"ancestorTitles":["NotificationService","notification type helpers"],"duration":0,"failureDetails":[{}],"failureMessages":["TypeError: (0 , firestore_1.getDoc) is not a function\n    at NotificationService.getUserPreferences (E:\\arc-1\\arc-1\\src\\services\\notificationService.ts:80:34)\n    at NotificationService.sendNotification (E:\\arc-1\\arc-1\\src\\services\\notificationService.ts:99:36)\n    at NotificationService.notifyAdminApproval (E:\\arc-1\\arc-1\\src\\services\\notificationService.ts:318:16)\n    at Object.<anonymous> (E:\\arc-1\\arc-1\\src\\services\\__tests__\\notificationService.test.ts:251:33)"],"fullName":"NotificationService notification type helpers should notify on admin approval","invocations":1,"location":null,"numPassingAsserts":0,"retryReasons":[],"status":"failed","title":"should notify on admin approval"},{"ancestorTitles":["NotificationService","notification type helpers"],"duration":0,"failureDetails":[{}],"failureMessages":["TypeError: (0 , firestore_1.getDoc) is not a function\n    at NotificationService.getUserPreferences (E:\\arc-1\\arc-1\\src\\services\\notificationService.ts:80:34)\n    at NotificationService.sendNotification (E:\\arc-1\\arc-1\\src\\services\\notificationService.ts:99:36)\n    at NotificationService.notifyAdminRejection (E:\\arc-1\\arc-1\\src\\services\\notificationService.ts:330:16)\n    at Object.<anonymous> (E:\\arc-1\\arc-1\\src\\services\\__tests__\\notificationService.test.ts:261:33)"],"fullName":"NotificationService notification type helpers should notify on admin rejection","invocations":1,"location":null,"numPassingAsserts":0,"retryReasons":[],"status":"failed","title":"should notify on admin rejection"},{"ancestorTitles":["NotificationService","notification type helpers"],"duration":33,"failureDetails":[{}],"failureMessages":["TypeError: (0 , firestore_1.getDoc) is not a function\n    at NotificationService.getUserPreferences (E:\\arc-1\\arc-1\\src\\services\\notificationService.ts:80:34)\n    at NotificationService.sendNotification (E:\\arc-1\\arc-1\\src\\services\\notificationService.ts:99:36)\n    at NotificationService.notifyPaymentReleased (E:\\arc-1\\arc-1\\src\\services\\notificationService.ts:342:16)\n    at Object.<anonymous> (E:\\arc-1\\arc-1\\src\\services\\__tests__\\notificationService.test.ts:271:33)"],"fullName":"NotificationService notification type helpers should notify on payment released","invocations":1,"location":null,"numPassingAsserts":0,"retryReasons":[],"status":"failed","title":"should notify on payment released"},{"ancestorTitles":["NotificationService","notification type helpers"],"duration":1,"failureDetails":[{}],"failureMessages":["TypeError: notificationService_1.notificationService.notifyMessage is not a function\n    at Object.<anonymous> (E:\\arc-1\\arc-1\\src\\services\\__tests__\\notificationService.test.ts:281:33)"],"fullName":"NotificationService notification type helpers should notify on new message","invocations":1,"location":null,"numPassingAsserts":0,"retryReasons":[],"status":"failed","title":"should notify on new message"},{"ancestorTitles":["NotificationService","notification type helpers"],"duration":0,"failureDetails":[{}],"failureMessages":["TypeError: notificationService_1.notificationService.notifyMilestoneDue is not a function\n    at Object.<anonymous> (E:\\arc-1\\arc-1\\src\\services\\__tests__\\notificationService.test.ts:291:33)"],"fullName":"NotificationService notification type helpers should notify on milestone due","invocations":1,"location":null,"numPassingAsserts":0,"retryReasons":[],"status":"failed","title":"should notify on milestone due"},{"ancestorTitles":["NotificationService","notification type helpers"],"duration":0,"failureDetails":[{}],"failureMessages":["TypeError: (0 , firestore_1.getDoc) is not a function\n    at NotificationService.getUserPreferences (E:\\arc-1\\arc-1\\src\\services\\notificationService.ts:80:34)\n    at NotificationService.sendNotification (E:\\arc-1\\arc-1\\src\\services\\notificationService.ts:99:36)\n    at NotificationService.notifyCouncilUpdate (E:\\arc-1\\arc-1\\src\\services\\notificationService.ts:366:16)\n    at Object.<anonymous> (E:\\arc-1\\arc-1\\src\\services\\__tests__\\notificationService.test.ts:301:33)"],"fullName":"NotificationService notification type helpers should notify on council update","invocations":1,"location":null,"numPassingAsserts":0,"retryReasons":[],"status":"failed","title":"should notify on council update"}],"endTime":1777844436279,"message":"  ● NotificationService › sendNotification › should send notification with correct data\n\n    TypeError: (0 , firestore_1.getDoc) is not a function\n\n    \u001b[0m \u001b[90m 78 |\u001b[39m\n     \u001b[90m 79 |\u001b[39m   \u001b[36mprivate\u001b[39m \u001b[36masync\u001b[39m getUserPreferences(userId\u001b[33m:\u001b[39m string)\u001b[33m:\u001b[39m \u001b[33mPromise\u001b[39m\u001b[33m<\u001b[39m\u001b[33mNotificationPreferences\u001b[39m\u001b[33m>\u001b[39m {\n    \u001b[31m\u001b[1m>\u001b[22m\u001b[39m\u001b[90m 80 |\u001b[39m     \u001b[36mconst\u001b[39m userSnap \u001b[33m=\u001b[39m \u001b[36mawait\u001b[39m getDoc(doc(db\u001b[33m,\u001b[39m \u001b[32m'users'\u001b[39m\u001b[33m,\u001b[39m userId))\u001b[33m;\u001b[39m\n     \u001b[90m    |\u001b[39m                                  \u001b[31m\u001b[1m^\u001b[22m\u001b[39m\n     \u001b[90m 81 |\u001b[39m     \u001b[36mconst\u001b[39m preferences \u001b[33m=\u001b[39m userSnap\u001b[33m.\u001b[39mdata()\u001b[33m?\u001b[39m\u001b[33m.\u001b[39mnotificationPreferences \u001b[36mas\u001b[39m \u001b[33mPartial\u001b[39m\u001b[33m<\u001b[39m\u001b[33mNotificationPreferences\u001b[39m\u001b[33m>\u001b[39m \u001b[33m|\u001b[39m undefined\u001b[33m;\u001b[39m\n     \u001b[90m 82 |\u001b[39m     \u001b[36mreturn\u001b[39m {\n     \u001b[90m 83 |\u001b[39m       in_app\u001b[33m:\u001b[39m preferences\u001b[33m?\u001b[39m\u001b[33m.\u001b[39min_app \u001b[33m?\u001b[39m\u001b[33m?\u001b[39m \u001b[36mtrue\u001b[39m\u001b[33m,\u001b[39m\u001b[0m\n\n      at NotificationService.getUserPreferences (src/services/notificationService.ts:80:34)\n      at NotificationService.sendNotification (src/services/notificationService.ts:99:36)\n      at Object.<anonymous> (src/services/__tests__/notificationService.test.ts:99:33)\n\n  ● NotificationService › sendNotification › should include correct channels based on notification type\n\n    TypeError: (0 , firestore_1.getDoc) is not a function\n\n    \u001b[0m \u001b[90m 78 |\u001b[39m\n     \u001b[90m 79 |\u001b[39m   \u001b[36mprivate\u001b[39m \u001b[36masync\u001b[39m getUserPreferences(userId\u001b[33m:\u001b[39m string)\u001b[33m:\u001b[39m \u001b[33mPromise\u001b[39m\u001b[33m<\u001b[39m\u001b[33mNotificationPreferences\u001b[39m\u001b[33m>\u001b[39m {\n    \u001b[31m\u001b[1m>\u001b[22m\u001b[39m\u001b[90m 80 |\u001b[39m     \u001b[36mconst\u001b[39m userSnap \u001b[33m=\u001b[39m \u001b[36mawait\u001b[39m getDoc(doc(db\u001b[33m,\u001b[39m \u001b[32m'users'\u001b[39m\u001b[33m,\u001b[39m userId))\u001b[33m;\u001b[39m\n     \u001b[90m    |\u001b[39m                                  \u001b[31m\u001b[1m^\u001b[22m\u001b[39m\n     \u001b[90m 81 |\u001b[39m     \u001b[36mconst\u001b[39m preferences \u001b[33m=\u001b[39m userSnap\u001b[33m.\u001b[39mdata()\u001b[33m?\u001b[39m\u001b[33m.\u001b[39mnotificationPreferences \u001b[36mas\u001b[39m \u001b[33mPartial\u001b[39m\u001b[33m<\u001b[39m\u001b[33mNotificationPreferences\u001b[39m\u001b[33m>\u001b[39m \u001b[33m|\u001b[39m undefined\u001b[33m;\u001b[39m\n     \u001b[90m 82 |\u001b[39m     \u001b[36mreturn\u001b[39m {\n     \u001b[90m 83 |\u001b[39m       in_app\u001b[33m:\u001b[39m preferences\u001b[33m?\u001b[39m\u001b[33m.\u001b[39min_app \u001b[33m?\u001b[39m\u001b[33m?\u001b[39m \u001b[36mtrue\u001b[39m\u001b[33m,\u001b[39m\u001b[0m\n\n      at NotificationService.getUserPreferences (src/services/notificationService.ts:80:34)\n      at NotificationService.sendNotification (src/services/notificationService.ts:99:36)\n      at Object.<anonymous> (src/services/__tests__/notificationService.test.ts:118:33)\n\n  ● NotificationService › sendNotification › should handle notification without data\n\n    TypeError: (0 , firestore_1.getDoc) is not a function\n\n    \u001b[0m \u001b[90m 78 |\u001b[39m\n     \u001b[90m 79 |\u001b[39m   \u001b[36mprivate\u001b[39m \u001b[36masync\u001b[39m getUserPreferences(userId\u001b[33m:\u001b[39m string)\u001b[33m:\u001b[39m \u001b[33mPromise\u001b[39m\u001b[33m<\u001b[39m\u001b[33mNotificationPreferences\u001b[39m\u001b[33m>\u001b[39m {\n    \u001b[31m\u001b[1m>\u001b[22m\u001b[39m\u001b[90m 80 |\u001b[39m     \u001b[36mconst\u001b[39m userSnap \u001b[33m=\u001b[39m \u001b[36mawait\u001b[39m getDoc(doc(db\u001b[33m,\u001b[39m \u001b[32m'users'\u001b[39m\u001b[33m,\u001b[39m userId))\u001b[33m;\u001b[39m\n     \u001b[90m    |\u001b[39m                                  \u001b[31m\u001b[1m^\u001b[22m\u001b[39m\n     \u001b[90m 81 |\u001b[39m     \u001b[36mconst\u001b[39m preferences \u001b[33m=\u001b[39m userSnap\u001b[33m.\u001b[39mdata()\u001b[33m?\u001b[39m\u001b[33m.\u001b[39mnotificationPreferences \u001b[36mas\u001b[39m \u001b[33mPartial\u001b[39m\u001b[33m<\u001b[39m\u001b[33mNotificationPreferences\u001b[39m\u001b[33m>\u001b[39m \u001b[33m|\u001b[39m undefined\u001b[33m;\u001b[39m\n     \u001b[90m 82 |\u001b[39m     \u001b[36mreturn\u001b[39m {\n     \u001b[90m 83 |\u001b[39m       in_app\u001b[33m:\u001b[39m preferences\u001b[33m?\u001b[39m\u001b[33m.\u001b[39min_app \u001b[33m?\u001b[39m\u001b[33m?\u001b[39m \u001b[36mtrue\u001b[39m\u001b[33m,\u001b[39m\u001b[0m\n\n      at NotificationService.getUserPreferences (src/services/notificationService.ts:80:34)\n      at NotificationService.sendNotification (src/services/notificationService.ts:99:36)\n      at Object.<anonymous> (src/services/__tests__/notificationService.test.ts:133:33)\n\n  ● NotificationService › subscribeToNotifications › should subscribe and return unsubscribe function\n\n    expect(jest.fn()).toHaveBeenCalled()\n\n    Expected number of calls: >= 1\n    Received number of calls:    0\n\n    \u001b[0m \u001b[90m 148 |\u001b[39m\n     \u001b[90m 149 |\u001b[39m       expect(\u001b[36mtypeof\u001b[39m unsubscribe)\u001b[33m.\u001b[39mtoBe(\u001b[32m'function'\u001b[39m)\u001b[33m;\u001b[39m\n    \u001b[31m\u001b[1m>\u001b[22m\u001b[39m\u001b[90m 150 |\u001b[39m       expect(unsubscribe)\u001b[33m.\u001b[39mtoHaveBeenCalled()\u001b[33m;\u001b[39m\n     \u001b[90m     |\u001b[39m                           \u001b[31m\u001b[1m^\u001b[22m\u001b[39m\n     \u001b[90m 151 |\u001b[39m     })\u001b[33m;\u001b[39m\n     \u001b[90m 152 |\u001b[39m\n     \u001b[90m 153 |\u001b[39m     test(\u001b[32m'should call callback with notifications'\u001b[39m\u001b[33m,\u001b[39m () \u001b[33m=>\u001b[39m {\u001b[0m\n\n      at Object.<anonymous> (src/services/__tests__/notificationService.test.ts:150:27)\n\n  ● NotificationService › unsubscribe › should unsubscribe all listeners\n\n    TypeError: notificationService_1.notificationService.unsubscribe is not a function\n\n    \u001b[0m \u001b[90m 197 |\u001b[39m\n     \u001b[90m 198 |\u001b[39m       \u001b[90m// Unsubscribe all\u001b[39m\n    \u001b[31m\u001b[1m>\u001b[22m\u001b[39m\u001b[90m 199 |\u001b[39m       notificationService\u001b[33m.\u001b[39munsubscribe()\u001b[33m;\u001b[39m\n     \u001b[90m     |\u001b[39m                           \u001b[31m\u001b[1m^\u001b[22m\u001b[39m\n     \u001b[90m 200 |\u001b[39m\n     \u001b[90m 201 |\u001b[39m       \u001b[90m// The unsubscribe function should have been called\u001b[39m\n     \u001b[90m 202 |\u001b[39m       expect(mockUnsubscribe)\u001b[33m.\u001b[39mtoHaveBeenCalled()\u001b[33m;\u001b[39m\u001b[0m\n\n      at Object.<anonymous> (src/services/__tests__/notificationService.test.ts:199:27)\n\n  ● NotificationService › notification type helpers › should notify on job application\n\n    TypeError: notificationService_1.notificationService.notifyJobApplication is not a function\n\n    \u001b[0m \u001b[90m 208 |\u001b[39m       \u001b[36mconst\u001b[39m { addDoc } \u001b[33m=\u001b[39m \u001b[36mawait\u001b[39m \u001b[36mimport\u001b[39m(\u001b[32m'firebase/firestore'\u001b[39m)\u001b[33m;\u001b[39m\n     \u001b[90m 209 |\u001b[39m\n    \u001b[31m\u001b[1m>\u001b[22m\u001b[39m\u001b[90m 210 |\u001b[39m       \u001b[36mawait\u001b[39m notificationService\u001b[33m.\u001b[39mnotifyJobApplication(\u001b[32m'client-1'\u001b[39m\u001b[33m,\u001b[39m \u001b[32m'architect-1'\u001b[39m\u001b[33m,\u001b[39m \u001b[32m'job-1'\u001b[39m\u001b[33m,\u001b[39m \u001b[32m'app-1'\u001b[39m)\u001b[33m;\u001b[39m\n     \u001b[90m     |\u001b[39m                                 \u001b[31m\u001b[1m^\u001b[22m\u001b[39m\n     \u001b[90m 211 |\u001b[39m\n     \u001b[90m 212 |\u001b[39m       expect(addDoc)\u001b[33m.\u001b[39mtoHaveBeenCalled()\u001b[33m;\u001b[39m\n     \u001b[90m 213 |\u001b[39m       \u001b[36mconst\u001b[39m callArg \u001b[33m=\u001b[39m (addDoc \u001b[36mas\u001b[39m jest\u001b[33m.\u001b[39m\u001b[33mMock\u001b[39m)\u001b[33m.\u001b[39mmock\u001b[33m.\u001b[39mcalls[\u001b[35m0\u001b[39m][\u001b[35m1\u001b[39m]\u001b[33m;\u001b[39m\u001b[0m\n\n      at Object.<anonymous> (src/services/__tests__/notificationService.test.ts:210:33)\n\n  ● NotificationService › notification type helpers › should notify on application accepted\n\n    TypeError: (0 , firestore_1.getDoc) is not a function\n\n    \u001b[0m \u001b[90m 78 |\u001b[39m\n     \u001b[90m 79 |\u001b[39m   \u001b[36mprivate\u001b[39m \u001b[36masync\u001b[39m getUserPreferences(userId\u001b[33m:\u001b[39m string)\u001b[33m:\u001b[39m \u001b[33mPromise\u001b[39m\u001b[33m<\u001b[39m\u001b[33mNotificationPreferences\u001b[39m\u001b[33m>\u001b[39m {\n    \u001b[31m\u001b[1m>\u001b[22m\u001b[39m\u001b[90m 80 |\u001b[39m     \u001b[36mconst\u001b[39m userSnap \u001b[33m=\u001b[39m \u001b[36mawait\u001b[39m getDoc(doc(db\u001b[33m,\u001b[39m \u001b[32m'users'\u001b[39m\u001b[33m,\u001b[39m userId))\u001b[33m;\u001b[39m\n     \u001b[90m    |\u001b[39m                                  \u001b[31m\u001b[1m^\u001b[22m\u001b[39m\n     \u001b[90m 81 |\u001b[39m     \u001b[36mconst\u001b[39m preferences \u001b[33m=\u001b[39m userSnap\u001b[33m.\u001b[39mdata()\u001b[33m?\u001b[39m\u001b[33m.\u001b[39mnotificationPreferences \u001b[36mas\u001b[39m \u001b[33mPartial\u001b[39m\u001b[33m<\u001b[39m\u001b[33mNotificationPreferences\u001b[39m\u001b[33m>\u001b[39m \u001b[33m|\u001b[39m undefined\u001b[33m;\u001b[39m\n     \u001b[90m 82 |\u001b[39m     \u001b[36mreturn\u001b[39m {\n     \u001b[90m 83 |\u001b[39m       in_app\u001b[33m:\u001b[39m preferences\u001b[33m?\u001b[39m\u001b[33m.\u001b[39min_app \u001b[33m?\u001b[39m\u001b[33m?\u001b[39m \u001b[36mtrue\u001b[39m\u001b[33m,\u001b[39m\u001b[0m\n\n      at NotificationService.getUserPreferences (src/services/notificationService.ts:80:34)\n      at NotificationService.sendNotification (src/services/notificationService.ts:99:36)\n      at NotificationService.notifyApplicationAccepted (src/services/notificationService.ts:273:16)\n      at Object.<anonymous> (src/services/__tests__/notificationService.test.ts:221:33)\n\n  ● NotificationService › notification type helpers › should notify on drawing submitted\n\n    TypeError: (0 , firestore_1.getDoc) is not a function\n\n    \u001b[0m \u001b[90m 78 |\u001b[39m\n     \u001b[90m 79 |\u001b[39m   \u001b[36mprivate\u001b[39m \u001b[36masync\u001b[39m getUserPreferences(userId\u001b[33m:\u001b[39m string)\u001b[33m:\u001b[39m \u001b[33mPromise\u001b[39m\u001b[33m<\u001b[39m\u001b[33mNotificationPreferences\u001b[39m\u001b[33m>\u001b[39m {\n    \u001b[31m\u001b[1m>\u001b[22m\u001b[39m\u001b[90m 80 |\u001b[39m     \u001b[36mconst\u001b[39m userSnap \u001b[33m=\u001b[39m \u001b[36mawait\u001b[39m getDoc(doc(db\u001b[33m,\u001b[39m \u001b[32m'users'\u001b[39m\u001b[33m,\u001b[39m userId))\u001b[33m;\u001b[39m\n     \u001b[90m    |\u001b[39m                                  \u001b[31m\u001b[1m^\u001b[22m\u001b[39m\n     \u001b[90m 81 |\u001b[39m     \u001b[36mconst\u001b[39m preferences \u001b[33m=\u001b[39m userSnap\u001b[33m.\u001b[39mdata()\u001b[33m?\u001b[39m\u001b[33m.\u001b[39mnotificationPreferences \u001b[36mas\u001b[39m \u001b[33mPartial\u001b[39m\u001b[33m<\u001b[39m\u001b[33mNotificationPreferences\u001b[39m\u001b[33m>\u001b[39m \u001b[33m|\u001b[39m undefined\u001b[33m;\u001b[39m\n     \u001b[90m 82 |\u001b[39m     \u001b[36mreturn\u001b[39m {\n     \u001b[90m 83 |\u001b[39m       in_app\u001b[33m:\u001b[39m preferences\u001b[33m?\u001b[39m\u001b[33m.\u001b[39min_app \u001b[33m?\u001b[39m\u001b[33m?\u001b[39m \u001b[36mtrue\u001b[39m\u001b[33m,\u001b[39m\u001b[0m\n\n      at NotificationService.getUserPreferences (src/services/notificationService.ts:80:34)\n      at NotificationService.sendNotification (src/services/notificationService.ts:99:36)\n      at NotificationService.notifyDrawingSubmitted (src/services/notificationService.ts:285:16)\n      at Object.<anonymous> (src/services/__tests__/notificationService.test.ts:231:33)\n\n  ● NotificationService › notification type helpers › should notify on AI review complete\n\n    TypeError: (0 , firestore_1.getDoc) is not a function\n\n    \u001b[0m \u001b[90m 78 |\u001b[39m\n     \u001b[90m 79 |\u001b[39m   \u001b[36mprivate\u001b[39m \u001b[36masync\u001b[39m getUserPreferences(userId\u001b[33m:\u001b[39m string)\u001b[33m:\u001b[39m \u001b[33mPromise\u001b[39m\u001b[33m<\u001b[39m\u001b[33mNotificationPreferences\u001b[39m\u001b[33m>\u001b[39m {\n    \u001b[31m\u001b[1m>\u001b[22m\u001b[39m\u001b[90m 80 |\u001b[39m     \u001b[36mconst\u001b[39m userSnap \u001b[33m=\u001b[39m \u001b[36mawait\u001b[39m getDoc(doc(db\u001b[33m,\u001b[39m \u001b[32m'users'\u001b[39m\u001b[33m,\u001b[39m userId))\u001b[33m;\u001b[39m\n     \u001b[90m    |\u001b[39m                                  \u001b[31m\u001b[1m^\u001b[22m\u001b[39m\n     \u001b[90m 81 |\u001b[39m     \u001b[36mconst\u001
[...]
\n\n    expect(received).rejects.toThrow(expected)\n\n    Expected substring: \"Message content cannot be empty\"\n    Received message:   \"Cannot read properties of undefined (reading 'sanitize')\"\n\n        \u001b[0m \u001b[90m 39 |\u001b[39m   \u001b[36mprivate\u001b[39m sanitizeContent(content\u001b[33m:\u001b[39m string)\u001b[33m:\u001b[39m string {\n         \u001b[90m 40 |\u001b[39m     \u001b[90m// Remove any HTML first, then allow only safe formatting tags\u001b[39m\n        \u001b[31m\u001b[1m>\u001b[22m\u001b[39m\u001b[90m 41 |\u001b[39m     \u001b[36mconst\u001b[39m sanitized \u001b[33m=\u001b[39m \u001b[33mDOMPurify\u001b[39m\u001b[33m.\u001b[39msanitize(content\u001b[33m,\u001b[39m {\n         \u001b[90m    |\u001b[39m                                 \u001b[31m\u001b[1m^\u001b[22m\u001b[39m\n         \u001b[90m 42 |\u001b[39m       \u001b[33mALLOWED_TAGS\u001b[39m\u001b[33m,\u001b[39m\n         \u001b[90m 43 |\u001b[39m       \u001b[33mALLOWED_ATTR\u001b[39m\u001b[33m:\u001b[39m []\u001b[33m,\u001b[39m \u001b[90m// No attributes allowed\u001b[39m\n         \u001b[90m 44 |\u001b[39m       \u001b[33mKEEP_CONTENT\u001b[39m\u001b[33m:\u001b[39m \u001b[36mtrue\u001b[39m\u001b[33m,\u001b[39m\u001b[0m\n\n      at MessagingService.sanitizeContent (src/services/messagingService.ts:41:33)\n      at MessagingService.sendMessage (src/services/messagingService.ts:56:35)\n      at Object.<anonymous> (src/services/__tests__/messagingService.test.ts:36:24)\n      at Object.toThrow (node_modules/expect/build/index.js:218:22)\n      at Object.<anonymous> (src/services/__tests__/messagingService.test.ts:42:15)\n","name":"E:\\arc-1\\arc-1\\src\\services\\__tests__\\messagingService.test.ts","startTime":1777844436292,"status":"failed","summary":""},{"assertionResults":[{"ancestorTitles":["AIUtils.parseAIResponse"],"duration":2,"failureDetails":[],"failureMessages":[],"fullName":"AIUtils.parseAIResponse should parse direct JSON response","invocations":1,"location":null,"numPassingAsserts":2,"retryReasons":[],"status":"passed","title":"should parse direct JSON response"},{"ancestorTitles":["AIUtils.parseAIResponse"],"duration":1,"failureDetails":[],"failureMessages":[],"fullName":"AIUtils.parseAIResponse should parse markdown-wrapped JSON","invocations":1,"location":null,"numPassingAsserts":1,"retryReasons":[],"status":"passed","title":"should parse markdown-wrapped JSON"},{"ancestorTitles":["AIUtils.parseAIResponse"],"duration":0,"failureDetails":[],"failureMessages":[],"fullName":"AIUtils.parseAIResponse should parse JSON within curly braces","invocations":1,"location":null,"numPassingAsserts":1,"retryReasons":[],"status":"passed","title":"should parse JSON within curly braces"},{"ancestorTitles":["AIUtils.parseAIResponse"],"duration":0,"failureDetails":[],"failureMessages":[],"fullName":"AIUtils.parseAIResponse should apply heuristic parsing on unparseable response","invocations":1,"location":null,"numPassingAsserts":3,"retryReasons":[],"status":"passed","title":"should apply heuristic parsing on unparseable response"},{"ancestorTitles":["AIUtils.callAgentReview"],"duration":2,"failureDetails":[],"failureMessages":[],"fullName":"AIUtils.callAgentReview routes NVIDIA agent requests through /api/review with Firebase bearer auth","invocations":1,"location":null,"numPassingAsserts":2,"retryReasons":[],"status":"passed","title":"routes NVIDIA agent requests through /api/review with Firebase bearer auth"},{"ancestorTitles":["AIUtils.withRetry"],"duration":1,"failureDetails":[],"failureMessages":[],"fullName":"AIUtils.withRetry should return result on first success","invocations":1,"location":null,"numPassingAsserts":2,"retryReasons":[],"status":"passed","title":"should return result on first success"},{"ancestorTitles":["AIUtils.withRetry"],"duration":4053,"failureDetails":[],"failureMessages":[],"fullName":"AIUtils.withRetry should retry on failure","invocations":1,"location":null,"numPassingAsserts":2,"retryReasons":[],"status":"passed","title":"should retry on failure"},{"ancestorTitles":["AIUtils.withRetry"],"duration":4020,"failureDetails":[],"failureMessages":[],"fullName":"AIUtils.withRetry should throw after max retries","invocations":1,"location":null,"numPassingAsserts":2,"retryReasons":[],"status":"passed","title":"should throw after max retries"},{"ancestorTitles":["reviewDrawing"],"duration":5,"failureDetails":[],"failureMessages":[],"fullName":"reviewDrawing should return review result on success","invocations":1,"location":null,"numPassingAsserts":3,"retryReasons":[],"status":"passed","title":"should return review result on success"},{"ancestorTitles":["reviewDrawing"],"duration":6,"failureDetails":[],"failureMessages":[],"fullName":"reviewDrawing should return failed status on API error","invocations":1,"location":null,"numPassingAsserts":2,"retryReasons":[],"status":"passed","title":"should return failed status on API error"}],"endTime":1777844445044,"message":"","name":"E:\\arc-1\\arc-1\\src\\services\\__tests__\\geminiService.test.ts","startTime":1777844436655,"status":"passed","summary":""},{"assertionResults":[{"ancestorTitles":["AdminDashboard"],"duration":162,"failureDetails":[],"failureMessages":[],"fullName":"AdminDashboard should render admin dashboard","invocations":1,"location":null,"numPassingAsserts":1,"retryReasons":[],"status":"passed","title":"should render admin dashboard"},{"ancestorTitles":["AdminDashboard"],"duration":85,"failureDetails":[],"failureMessages":[],"fullName":"AdminDashboard should render tabs","invocations":1,"location":null,"numPassingAsserts":1,"retryReasons":[],"status":"passed","title":"should render tabs"},{"ancestorTitles":["AdminDashboard"],"duration":70,"failureDetails":[],"failureMessages":[],"fullName":"AdminDashboard should render submissions tab","invocations":1,"location":null,"numPassingAsserts":1,"retryReasons":[],"status":"passed","title":"should render submissions tab"},{"ancestorTitles":["AdminDashboard"],"duration":58,"failureDetails":[],"failureMessages":[],"fullName":"AdminDashboard should render agent configuration section","invocations":1,"location":null,"numPassingAsserts":1,"retryReasons":[],"status":"passed","title":"should render agent configuration section"},{"ancestorTitles":["AdminDashboard"],"duration":58,"failureDetails":[],"failureMessages":[],"fullName":"AdminDashboard should handle tab changes","invocations":1,"location":null,"numPassingAsserts":1,"retryReasons":[],"status":"passed","title":"should handle tab changes"}],"endTime":1777844446399,"message":"","name":"E:\\arc-1\\arc-1\\src\\components\\__tests__\\AdminDashboard.test.tsx","startTime":1777844445126,"status":"passed","summary":""},{"assertionResults":[{"ancestorTitles":["PaymentService","generateSignature"],"duration":5,"failureDetails":[],"failureMessages":[],"fullName":"PaymentService generateSignature should generate consistent signature for same data","invocations":1,"location":null,"numPassingAsserts":1,"retryReasons":[],"status":"passed","title":"should generate consistent signature for same data"},{"ancestorTitles":["PaymentService","generateSignature"],"duration":0,"failureDetails":[],"failureMessages":[],"fullName":"PaymentService generateSignature should generate different signatures for different data","invocations":1,"location":null,"numPassingAsserts":1,"retryReasons":[],"status":"passed","title":"should generate different signatures for different data"},{"ancestorTitles":["PaymentService","verifyITNSignature"],"duration":1,"failureDetails":[],"failureMessages":[],"fullName":"PaymentService verifyITNSignature should verify valid signature","invocations":1,"location":null,"numPassingAsserts":1,"retryReasons":[],"status":"passed","title":"should verify valid signature"},{"ancestorTitles":["PaymentService","verifyITNSignature"],"duration":0,"failureDetails":[],"failureMessages":[],"fullName":"PaymentService verifyITNSignature should reject invalid signature","invocations":1,"location":null,"numPassingAsserts":1,"retryReasons":[],"status":"passed","title":"should reject invalid signature"},{"ancestorTitles":["PaymentService","initializeEscrow"],"duration":4,"failureDetails":[],"failureMessages":[],"fullName":"PaymentService initializeEscrow should initialize escrow and return payment URL","invocations":1,"location":null,"numPassingAsserts":3,"retryReasons":[],"status":"passed","title":"should initialize escrow and return payment URL"},{"ancestorTitles":["PaymentService","initializeEscrow"],"duration":11,"failureDetails":[],"failureMessages":[],"fullName":"PaymentService initializeEscrow should throw error when not authenticated","invocations":1,"location":null,"numPassingAsserts":1,"retryReasons":[],"status":"passed","title":"should throw error when not authenticated"},{"ancestorTitles":["PaymentService","initializeEscrow"],"duration":0,"failureDetails":[],"failureMessages":[],"fullName":"PaymentService initializeEscrow should throw error on server failure","invocations":1,"location":null,"numPassingAsserts":1,"retryReasons":[],"status":"passed","title":"should throw error on server failure"},{"ancestorTitles":["PaymentService","confirmPayment"],"duration":1,"failureDetails":[],"failureMessages":[],"fullName":"PaymentService confirmPayment should confirm payment successfully","invocations":1,"location":null,"numPassingAsserts":1,"retryReasons":[],"status":"passed","title":"should confirm payment successfully"},{"ancestorTitles":["PaymentService","confirmPayment"],"duration":1,"failureDetails":[],"failureMessages":[],"fullName":"PaymentService confirmPayment should show info toast on non-success response","invocations":1,"location":null,"numPassingAsserts":1,"retryReasons":[],"status":"passed","title":"should show info toast on non-success response"},{"ancestorTitles":["PaymentService","releaseMilestone"],"duration":1,"failureDetails":[],"failureMessages":[],"fullName":"PaymentService releaseMilestone should release milestone payment","invocations":1,"location":null,"numPassingAsserts":1,"retryReasons":[],"status":"passed","title":"should release milestone payment"},{"ancestorTitles":["PaymentService","releaseMilestone"],"duration":1,"failureDetails":[],"failureMessages":[],"fullName":"PaymentService releaseMilestone should notify architect on release","invocations":1,"location":null,"numPassingAsserts":1,"retryReasons":[],"status":"passed","title":"should notify architect on release"},{"ancestorTitles":["PaymentService","requestMilestoneRelease"],"duration":1,"failureDetails":[],"failureMessages":[],"fullName":"PaymentService requestMilestoneRelease should request milestone release","invocations":1,"location":null,"numPassingAsserts":1,"retryReasons":[],"status":"passed","title":"should request milestone release"},{"ancestorTitles":["PaymentService","subscribeToEscrow"],"duration":1,"failureDetails":[],"failureMessages":[],"fullName":"PaymentService subscribeToEscrow should subscribe to escrow updates","invocations":1,"location":null,"numPassingAsserts":1,"retryReasons":[],"status":"passed","title":"should subscribe to escrow updates"},{"ancestorTitles":["PaymentService","subscribeToPayments"],"duration":1,"failureDetails":[],"failureMessages":[],"fullName":"PaymentService subscribeToPayments should subscribe to payment updates","invocations":1,"location":null,"numPassingAsserts":1,"retryReasons":[],"status":"passed","title":"should subscribe to payment updates"},{"ancestorTitles":["PaymentService","calculateEscrowAmounts"],"duration":0,"failureDetails":[],"failureMessages":[],"fullName":"PaymentService calculateEscrowAmounts should calculate amounts correctly","invocations":1,"location":null,"numPassingAsserts":3,"retryReasons":[],"status":"passed","title":"should calculate amounts correctly"},{"ancestorTitles":["PaymentService","calculateEscrowAmounts"],"duration":0,"failureDetails":[],"failureMessages":[],"fullName":"PaymentService calculateEscrowAmounts should handle zero budget","invocations":1,"location":null,"numPassingAsserts":3,"retryReasons":[],"status":"passed","title":"should handle zero budget"},{"ancestorTitles":["PaymentService","calculateEscrowAmounts"],"duration":1,"failureDetails":[],"failureMessages":[],"fullName":"PaymentService calculateEscrowAmounts should handle custom platform fee percentage","invocations":1,"location":null,"numPassingAsserts":2,"retryReasons":[],"status":"passed","title":"should handle custom platform fee percentage"},{"ancestorTitles":["PaymentService","generatePayFastUrl"],"duration":2,"failureDetails":[],"failureMessages":[],"fullName":"PaymentService generatePayFastUrl should generate PayFast URL with required parameters","invocations":1,"location":null,"numPassingAsserts":4,"retryReasons":[],"status":"passed","title":"should generate PayFast URL with required parameters"}],"endTime":1777844446809,"message":"","name":"E:\\arc-1\\arc-1\\src\\services\\__tests__\\paymentService.test.ts","startTime":1777844446420,"status":"passed","summary":""},{"assertionResults":[{"ancestorTitles":["AI Review Flow Integration"],"duration":3,"failureDetails":[],"failureMessages":[],"fullName":"AI Review Flow Integration should complete full AI review workflow","invocations":1,"location":null,"numPassingAsserts":5,"retryReasons":[],"status":"passed","title":"should complete full AI review workflow"},{"ancestorTitles":["AI Review Flow Integration"],"duration":11,"failureDetails":[],"failureMessages":[],"fullName":"AI Review Flow Integration should handle partial failures gracefully","invocations":1,"location":null,"numPassingAsserts":2,"retryReasons":[],"status":"passed","title":"should handle partial failures gracefully"},{"ancestorTitles":["AI Review Flow Integration"],"duration":4,"failureDetails":[],"failureMessages":[],"fullName":"AI Review Flow Integration should handle all agents failing","invocations":1,"location":null,"numPassingAsserts":3,"retryReasons":[],"status":"passed","title":"should handle all agents failing"},{"ancestorTitles":["AI Review Flow Integration"],"duration":2,"failureDetails":[],"failureMessages":[],"fullName":"AI Review Flow Integration should progress through review stages","invocations":1,"location":null,"numPassingAsserts":1,"retryReasons":[],"status":"passed","title":"should progress through review stages"}],"endTime":1777844447098,"message":"","name":"E:\\arc-1\\arc-1\\src\\test\\integration\\ai-review-flow.test.ts","startTime":1777844446825,"status":"passed","summary":""},{"assertionResults":[{"ancestorTitles":["LLM Config Path Consistency"],"duration":1,"failureDetails":[],"failureMessages":[],"fullName":"LLM Config Path Consistency getLLMConfig reads from system_settings/llm_config","invocations":1,"location":null,"numPassingAsserts":1,"retryReasons":[],"status":"passed","title":"getLLMConfig reads from system_settings/llm_config"}],"endTime":1777844447414,"message":"","name":"E:\\arc-1\\arc-1\\src\\services\\__tests__\\llm-config-path.test.ts","startTime":1777844447132,"status":"passed","summary":""},{"assertionResults":[{"ancestorTitles":["Validation Schemas","JobCreateSchema"],"duration":2,"failureDetails":[],"failureMessages":[],"fullName":"Validation Schemas JobCreateSchema should validate a valid job","invocations":1,"location":null,"numPassingAsserts":1,"retryReasons":[],"status":"passed","title":"should validate a valid job"},{"ancestorTitles":["Validation Schemas","JobCreateSchema"],"duration":1,"failureDetails":[],"failureMessages":[],"fullName":"Validation Schemas JobCreateSchema should reject job with short title","invocations":1,"location":null,"numPassingAsserts":1,"retryReasons":[],"status":"passed","title":"should reject job with short title"},{"ancestorTitles":["Validation Schemas","JobCreateSchema"],"duration":0,"failureDetails":[],"failureMessages":[],"fullName":"Validation Schemas JobCreateSchema should reject job with short description","invocations":1,"location":null,"numPassingAsserts":1,"retryReasons":[],"status":"passed","title":"should reject job with short description"},{"ancestorTitles":["Validation Schemas","JobCreateSchema"],"duration":1,"failureDetails":[],"failureMessages":[],"fullName":"Validation Schemas JobCreateSchema should reject job with budget below minimum","invocations":1,"location":null,"numPassingAsserts":1,"retryReasons":[],"status":"passed","title":"should reject job with budget below minimum"},{"ancestorTitles":["Validation Schemas","JobCreateSchema"],"duration":0,"failureDetails":[],"failureMessages":[],"fullName":"Validation Schemas JobCreateSchema should reject job with past deadline","invocations":1,"location":null,"numPassingAsserts":1,"retryReasons":[],"status":"passed","title":"should reject job with past deadline"},{"ancestorTitles":["Validation Schemas","ApplicationCreateSchema"],"duration":0,"failureDetails":[],"failureMessages":[],"fullName":"Validation Schemas ApplicationCreateSchema should validate a valid application","invocations":1,"location":null,"numPassingAsserts":1,"retryReasons":[],"status":"passed","title":"should validate a valid application"},{"ancestorTitles":["Validation Schemas","ApplicationCreateSchema"],"duration":1,"failureDetails":[],"failureMessages":[],"fullName":"Validation Schemas ApplicationCreateSchema should reject application with short proposal","invocations":1,"location":null,"numPassingAsserts":1,"retryReasons":[],"status":"passed","title":"should reject application with short proposal"},{"ancestorTitles":["Validation Schemas","ApplicationCreateSchema"],"duration":1,"failureDetails":[],"failureMessages":[],"fullName":"Validation Schemas ApplicationCreateSchema should reject invalid portfolio URL","invocations":1,"location":null,"numPassingAsserts":1,"retryReasons":[],"status":"passed","title":"should reject invalid portfolio URL"},{"ancestorTitles":["Validation Schemas","ReviewCreateSchema"],"duration":0,"failureDetails":[],"failureMessages":[],"fullName":"Validation Schemas ReviewCreateSchema should validate a valid review","invocations":1,"location":null,"numPassingAsserts":1,"retryReasons":[],"status":"passed","title":"should validate a valid review"},{"ancestorTitles":["Validation Schemas","ReviewCreateSchema"],"duration":2,"failureDetails":[],"failureMessages":[],"fullName":"Validation Schemas ReviewCreateSchema should reject review with rating out of range","invocations":1,"location":null,"numPassingAsserts":1,"retryReasons":[],"status":"passed","title":"should reject review with rating out of range"},{"ancestorTitles":["Validation Schemas","ReviewCreateSchema"],"duration":1,"failureDetails":[],"failureMessages":[],"fullName":"Validation Schemas ReviewCreateSchema should reject review with short comment","invocations":1,"location":null,"numPassingAsserts":1,"retryReasons":[],"status":"passed","title":"should reject review with short comment"},{"ancestorTitles":["Validation Schemas","Enum Consistency"],"duration":1,"failureDetails":[],"failureMessages":[],"fullName":"Validation Schemas Enum Consistency should accept all UserRole values","invocations":1,"location":null,"numPassingAsserts":5,"retryReasons":[],"status":"passed","title":"should accept all UserRole values"},{"ancestorTitles":["Validation Schemas","Enum Consistency"],"duration":1,"failureDetails":[],"failureMessages":[],"fullName":"Validation Schemas Enum Consistency should accept all NotificationType values","invocations":1,"location":null,"numPassingAsserts":12,"retryReasons":[],"status":"passed","title":"should accept all NotificationType values"},{"ancestorTitles":["Validation Schemas","Enum Consistency"],"duration":1,"failureDetails":[],"failureMessages":[],"fullName":"Validation Schemas Enum Consistency should accept all Review type values","invocations":1,"location":null,"numPassingAsserts":5,"retryReasons":[],"status":"passed","title":"should accept all Review type values"}],"endTime":1777844447663,"message":"","name":"E:\\arc-1\\arc-1\\src\\test\\schemas.test.ts","startTime":1777844447432,"status":"passed","summary":""}],"wasInterrupted":false}
